526
80
728
647
596
51
213
480
236
651
337
693
724
29
511
667
678
145
541
250
308
93
7
517
334
403
384
262
334
328
399
461
213
539
635
384
352
457
27
530
474
641
628
456
451
738
362
599
677
562
412
532
340
160
604
13
219
523
207
748
89
336
562
476
212
216
704
562
588
292
260
582
151
6
511
672
476
200
520
435
114
326
21
92
753
34
646
358
29
505
682
105
581
216
519
607
450
385
435
616
535
547
294
155
7
227
375
490
277
208
49
251
752
479
381
158
158
549
475
385
183
60
250
661
343
275
674
342
128
690
462
729
123
270
600
449
209
678
725
346
526
549
14
262
66
700
48
628
623
32
409
2
105
118
457
662
531
115
544
528
346
132
72
490
159
158
329
550
230
285
752
524
223
269
521
492
336
453
126
753
672
458
237
368
487
41
652
145
719
436
699
399
280
139
368
173
423
524
41
248
631
434
124
691
499
233
206
403
157
221
421
72
97
745
242
509
463
601
451
426
140
724
284
520
32
304
63
210
415
612
746
577
548
700
232
66
70
457
588
3
173
333
138
377
434
3
126
306
31
139
260
182
212
660
45
39
518
126
7
496
556
639
508
271
538
607
406
269
396
268
215
247
362
622
679
170
627
515
255
496
651
555
353
589
652
343
414
721
151
158
125
755
351
128
109
104
97
311
435
435
590
417
188
683
480
76
222
118
214
147
158
318
626
132
586
548
203
532
12
213
246
90
520
245
427
209
172
349
196
94
629
476
370
627
28
577
373
725
377
696
377
324
136
387
292
513
237
12
122
261
375
572
632
197
704
281
546
529
61
51
546
257
52
744
54
272
627
753
164
752
333
361
417
282
489
523
471
158
464
553
400
246
150
31
242
48
529
371
652
270
52
157
318
637
728
485
456
353
92
90
671
349
73
39
232
150
168
309
348
487
700
361
505
483
666
271
150
66
614
174
400
437
272
145
27
291
751
403
473
54
581
373
33
464
215
515
443
628
753
318
258
397
136
710
173
209
272
113
228
434
582
16
574
515
435
199
540
497
190
581
311
90
617
311
196
258
246
453
301
602
225
663
158
212
730
535
601
242
497
733
52
729
518
257
668
349
52
413
544
87
627
215
463
593
324
755
168
661
339
652
271
590
112
623
34
400
122
327
527
140
629
397
581
104
373
311
730
669
406
52
209
351
209
688
535
140
755
684
46
627
738
126
85
513
158
622
617
663
163
649
704
156
286
399
199
128
349
90
122
529
644
712
169
539
519
108
703
584
260
558
373
490
122
158
126
317
196
71
398
143
104
721
622
196
251
6
52
617
417
323
611
489
617
625
611
399
454
57
227
679
172
461
734
252
720
514
625
600
158
647
140
131
158
373
112
209
551
611
377
696
662
270
600
667
634
336
353
567
172
341
727
152
347
195
659
437
701
399
270
514
589
377
623
754
203
709
332
136
275
141
539
546
337
408
622
192
25
337
400
507
275
31
158
260
662
504
463
414
16
671
559
630
531
76
76
226
559
399
228
172
71
192
349
582
248
523
306
548
274
140
379
565
593
605
313
389
14
329
317
666
504
601
202
474
342
730
645
400
600
265
399
129
684
46
626
463
383
711
535
696
662
260
589
110
485
709
71
527
35
663
504
139
236
699
75
317
554
623
313
717
546
647
435
245
573
506
341
360
660
551
634
727
400
592
487
193
275
401
362
253
168
168
565
592
445
494
46
491
158
505
472
257
706
444
489
639
622
282
192
353
90
268
399
445
696
573
353
91
282
606
707
158
582
543
670
592
361
699
245
49
46
226
245
251
275
212
35
54
651
193
750
225
709
706
658
507
639
1
59
565
14
398
323
544
706
76
658
622
389
235
744
157
658
634
1
212
353
295
560
659
361
324
563
490
505
748
216
377
117
622
622
490
316
316
57
744
513
756
35
75
193
285
432
46
680
89
417
75
6
753
394
620
249
274
594
651
581
592
606
661
282
299
399
40
495
158
217
212
219
589
599
85
485
282
574
222
444
661
482
519
709
597
1
611
489
266
666
145
511
696
34
494
518
520
664
738
527
145
251
60
692
358
139
353
575
25
507
313
93
275
474
181
376
675
559
519
505
207
1
709
559
553
120
400
108
494
397
178
646
86
86
559
691
482
338
567
193
313
482
559
152
198
305
178
680
642
709
128
362
742
658
275
83
86
668
582
361
31
379
414
356
76
168
49
639
302
101
193
667
589
603
431
663
464
622
379
241
1
540
507
31
543
132
748
317
431
46
317
742
532
212
494
560
31
464
742
663
556
398
582
376
574
721
378
342
687
219
22
168
581
633
353
3
507
69
641
107
675
54
504
696
1
57
270
229
90
545
73
140
568
689
73
502
319
492
16
207
377
530
212
219
29
16
687
378
494
57
504
282
25
275
411
431
353
670
505
400
636
199
639
559
690
75
582
639
699
739
376
484
485
1
89
398
235
219
399
617
582
658
399
560
212
398
719
663
123
255
358
663
540
76
146
634
663
589
727
568
290
592
639
661
282
697
599
663
628
433
727
581
411
22
131
606
90
128
57
675
319
552
362
16
140
474
376
668
756
663
37
398
735
688
624
300
560
733
456
73
269
513
547
688
22
110
30
707
661
329
12
62
641
354
636
532
131
255
568
582
384
467
138
464
624
90
660
269
545
507
601
275
354
181
591
622
406
623
739
90
601
339
456
589
623
601
360
240
482
663
179
49
663
199
741
620
600
190
456
659
582
632
623
107
103
338
403
365
476
679
192
163
338
432
591
427
466
282
520
401
338
403
456
507
559
338
600
194
90
414
628
639
456
690
633
475
330
727
600
110
623
403
115
592
101
634
411
278
622
330
132
378
157
727
744
285
753
56
168
494
630
634
581
727
403
559
241
414
278
590
459
630
163
630
517
458
175
634
661
278
22
624
103
31
329
145
128
75
481
590
326
23
413
372
414
16
504
10
441
505
591
1
14
456
636
581
338
101
406
620
90
658
475
599
741
739
90
645
16
559
739
609
73
626
483
683
227
315
285
631
672
750
622
589
581
467
744
626
658
255
588
342
683
661
56
692
330
360
384
628
90
622
633
663
398
73
584
620
620
168
658
285
212
104
16
483
96
323
138
642
326
507
342
339
354
580
16
342
282
3
110
620
492
633
311
268
636
155
458
245
399
559
252
645
335
690
437
632
507
54
692
622
630
14
420
628
46
514
347
354
422
274
372
589
661
744
494
16
31
456
110
427
104
644
138
198
285
269
599
502
207
1
692
189
132
747
342
354
69
233
746
547
339
249
628
527
744
456
631
436
54
476
502
658
494
590
198
175
630
181
560
403
1
644
644
661
251
510
138
145
630
157
204
22
354
739
436
688
414
90
739
426
507
414
482
577
597
677
233
326
31
633
437
588
436
280
35
560
494
436
362
435
138
509
559
389
510
354
751
436
682
289
292
292
342
514
399
399
553
83
96
406
204
292
268
688
342
485
661
303
132
145
266
399
483
559
644
755
27
626
636
677
347
511
642
750
427
505
459
23
274
157
110
138
325
631
186
315
456
643
268
683
215
285
626
267
614
90
179
116
559
692
86
348
285
276
83
157
157
46
1
35
276
661
314
750
644
378
256
14
643
399
399
338
592
644
83
456
553
110
535
456
681
628
271
560
514
456
727
90
514
580
303
259
131
388
507
86
438
14
140
729
414
476
105
128
548
428
628
132
540
609
681
546
511
215
285
90
414
626
389
727
278
399
515
756
86
739
592
483
629
329
35
329
539
540
577
325
403
539
729
157
517
744
128
295
403
545
645
148
266
663
204
194
206
75
223
406
540
406
436
642
342
192
186
437
540
399
285
169
16
452
475
507
553
485
206
456
166
610
595
560
548
645
626
670
335
739
555
644
83
456
726
661
110
444
540
617
553
46
593
191
464
507
414
512
644
729
295
274
90
437
342
599
425
10
456
110
464
512
459
132
595
620
626
182
482
16
256
425
37
204
110
256
583
483
110
313
399
138
235
593
329
699
476
511
329
624
559
452
354
162
702
54
482
464
223
15
690
546
645
14
249
682
557
249
515
514
401
560
164
501
259
1
267
237
644
252
546
403
625
702
40
661
271
266
191
482
545
626
3
140
692
476
28
677
428
523
389
661
627
629
529
237
523
378
209
249
464
252
216
16
223
305
751
634
256
90
204
218
661
378
708
663
507
708
629
90
365
483
181
19
46
138
715
218
373
560
40
511
625
580
342
338
628
620
399
216
155
526
592
708
464
391
424
342
164
739
644
744
16
644
636
427
464
628
166
482
259
715
699
464
626
35
462
584
181
437
339
726
246
342
545
562
560
132
90
507
529
428
559
187
90
285
434
1
545
753
266
295
626
256
282
464
625
266
256
740
365
403
373
444
391
202
257
401
555
373
644
138
688
123
259
436
204
132
381
161
3
658
176
16
562
483
515
16
580
673
274
373
191
399
161
266
216
403
204
63
715
338
628
620
15
546
148
16
444
181
217
626
620
342
708
76
690
620
545
491
620
3
256
202
555
577
161
378
642
138
547
507
191
756
564
253
362
529
577
216
559
388
63
560
48
257
176
620
751
464
399
546
62
399
272
559
120
584
335
462
645
218
649
626
202
140
464
729
115
83
569
459
403
76
409
218
756
756
436
620
282
83
331
342
96
212
645
202
711
48
373
559
507
577
148
516
515
133
132
123
26
342
204
452
140
140
756
360
259
335
526
434
540
739
327
325
562
365
661
176
176
182
409
138
619
432
95
564
16
515
123
619
523
326
626
487
256
120
614
257
27
384
436
350
584
40
452
517
511
372
702
427
326
649
378
123
342
96
702
252
462
530
129
661
90
190
619
274
483
44
540
690
138
48
285
120
663
342
624
529
381
26
69
507
342
28
642
303
204
625
584
645
83
95
164
739
667
227
507
282
31
28
399
661
627
625
378
326
83
202
388
256
626
506
26
569
597
645
547
16
739
252
83
44
237
756
202
626
506
335
515
86
751
667
28
227
414
547
235
35
133
96
259
529
365
360
325
360
620
360
164
588
708
123
574
627
399
497
463
335
28
476
667
399
62
626
626
123
256
123
559
507
194
476
626
620
507
133
285
608
626
627
499
462
123
362
389
620
721
342
577
507
568
63
381
202
285
326
182
620
202
497
65
15
620
690
497
663
90
642
753
653
436
154
559
667
16
614
381
83
749
529
497
164
256
545
461
26
501
620
545
516
545
688
65
663
444
44
483
451
209
259
399
256
463
526
373
160
218
436
399
564
133
642
555
529
529
739
26
555
687
384
516
143
360
535
77
204
123
120
120
610
168
497
173
327
598
452
252
653
143
148
708
339
739
739
597
724
373
168
569
44
708
491
83
389
507
645
585
687
354
634
463
507
403
599
432
515
305
540
555
28
191
515
3
257
54
259
515
625
462
354
44
511
690
540
620
690
138
117
562
516
143
90
529
407
123
354
667
608
479
653
389
259
729
237
661
557
209
401
515
507
507
399
718
608
559
723
28
117
117
436
750
608
65
593
555
436
599
659
753
515
555
619
123
601
164
257
257
645
597
257
545
178
123
617
593
414
204
401
663
608
399
381
739
545
516
451
123
365
605
659
687
620
605
256
372
718
601
