104
87
228
121
65
124
205
221
182
205
203
176
210
106
218
52
67
34
103
102
68
159
88
67
53
157
210
78
220
11
85
31
29
139
41
235
89
190
75
71
131
210
69
60
11
84
128
116
30
121
22
91
16
54
137
187
98
232
130
97
211
8
120
224
176
72
69
151
221
66
46
29
186
59
158
102
99
107
185
222
108
44
3
55
44
219
111
182
115
182
220
97
8
138
84
177
16
177
102
235
51
204
84
122
221
156
120
131
85
211
221
84
136
77
165
199
172
16
12
191
55
25
177
134
29
80
182
220
116
61
168
53
133
25
130
95
180
68
75
154
3
221
189
53
80
189
221
93
234
209
199
37
196
82
228
82
166
80
55
17
120
119
165
19
12
82
161
130
165
32
49
209
96
24
55
61
196
213
221
61
152
234
182
131
154
228
204
134
62
59
209
102
102
109
94
150
89
154
32
20
71
71
108
190
204
128
95
28
150
73
95
32
29
161
204
234
177
73
10
106
218
221
123
204
209
71
95
204
128
63
150
123
124
43
150
76
67
130
55
209
93
24
17
209
204
32
10
145
145
55
149
174
204
95
192
95
17
24
204
213
102
94
14
19
109
32
125
207
106
138
134
89
207
17
192
24
172
189
127
191
19
161
102
168
190
148
43
211
19
177
216
32
27
10
10
93
52
191
59
32
150
150
108
106
211
95
216
52
149
75
104
198
51
29
34
180
172
52
161
180
99
102
133
150
173
208
80
10
196
52
191
99
94
149
95
10
213
95
130
161
52
130
98
190
190
216
190
9
32
168
75
95
80
94
99
133
39
130
149
207
95
52
155
10
207
89
53
10
17
95
173
123
64
168
44
47
161
28
84
127
52
53
177
155
52
10
183
205
30
53
10
213
190
125
102
125
47
75
201
75
39
10
43
216
89
95
125
128
181
221
99
75
59
97
128
75
139
155
99
193
161
95
189
133
53
181
181
94
161
181
211
133
89
133
166
14
181
120
39
181
145
191
193
190
128
181
95
205
89
173
217
221
130
131
190
149
215
128
145
181
39
64
145
211
52
166
4
190
205
95
133
145
32
181
128
166
18
24
128
145
192
155
52
130
64
134
189
152
190
133
131
145
217
4
51
207
205
64
205
150
183
121
128
24
189
133
19
150
192
156
99
4
190
86
150
145
190
232
43
99
173
37
145
53
151
75
103
53
53
189
181
183
53
153
145
128
151
190
215
190
181
19
227
151
215
24
102
94
65
212
99
46
215
181
168
234
215
189
167
27
191
168
128
173
168
37
205
111
39
150
219
32
115
168
204
85
19
115
115
32
85
151
145
21
145
212
128
151
111
103
26
183
89
21
111
37
19
205
227
152
219
59
155
174
21
205
145
145
168
121
89
104
189
133
103
173
151
155
9
17
115
94
182
204
182
151
189
86
27
89
167
26
19
59
111
150
26
4
4
128
92
65
46
19
173
86
183
121
27
145
4
26
37
32
98
103
123
205
69
205
174
37
4
151
128
55
32
151
13
103
150
133
37
103
69
69
37
32
26
131
4
103
69
211
134
59
59
4
37
103
151
26
65
21
183
103
151
103
151
4
85
142
121
37
142
128
92
37
189
85
151
4
86
39
151
4
111
175
37
98
196
189
142
151
32
139
50
85
111
111
139
23
106
175
128
103
98
139
37
86
140
211
155
134
65
211
211
39
211
39
212
174
103
26
146
128
85
4
175
132
50
146
98
50
7
173
146
128
139
2
193
146
103
6
103
128
4
78
39
4
206
6
63
149
111
35
128
98
174
35
128
206
183
217
128
98
217
116
211
146
128
204
63
6
174
35
4
35
146
7
206
103
4
4
211
103
162
128
148
103
111
153
175
128
4
211
39
35
7
120
50
198
211
206
175
175
4
4
217
128
146
206
211
146
50
35
146
217
146
9
153
217
24
146
7
206
128
111
128
148
48
106
217
6
23
39
111
148
7
17
7
212
50
206
217
217
175
128
211
148
175
146
146
35
211
162
183
50
102
35
9
193
102
163
173
175
149
149
50
172
147
175
110
50
172
50
149
128
110
146
217
98
24
110
39
174
35
155
162
134
211
132
50
50
110
7
102
162
172
153
193
193
148
7
162
217
50
128
7
172
110
174
217
146
211
110
148
50
132
183
147
174
7
182
23
110
7
172
193
146
193
50
39
148
162
110
149
7
172
7
172
17
146
24
172
53
211
173
