966
141
348
178
940
564
325
550
241
518
353
480
912
815
508
607
318
826
373
477
685
745
369
927
937
91
515
410
518
131
234
934
781
511
114
731
935
252
797
893
32
190
351
389
17
414
237
178
211
127
255
747
100
837
327
142
19
69
683
367
77
865
708
19
324
777
475
668
806
346
762
567
814
203
479
620
26
219
463
133
178
500
65
538
892
320
457
351
87
610
896
189
19
222
430
10
709
385
522
504
969
156
99
7
170
16
299
937
51
419
105
591
65
591
772
6
622
829
100
861
546
920
70
214
88
409
801
444
522
943
562
914
880
315
944
465
163
309
473
313
59
4
86
332
731
174
913
729
434
287
53
60
277
636
418
359
155
62
965
934
144
951
45
287
135
623
937
395
592
54
642
596
600
333
922
578
260
478
223
76
676
184
237
60
512
715
22
147
383
142
452
333
329
127
231
260
192
587
279
390
954
925
957
23
211
219
324
911
147
443
576
572
307
304
807
479
698
864
757
741
637
164
378
825
606
165
17
334
209
676
294
376
279
235
132
284
552
735
455
648
963
6
572
409
848
477
701
173
164
509
86
222
276
531
418
238
683
947
371
963
848
612
851
172
813
216
802
904
876
384
693
249
363
708
169
802
641
42
528
604
836
655
535
392
287
861
605
144
725
249
437
122
108
348
219
441
397
228
546
207
191
965
515
324
776
244
911
8
543
460
280
587
821
893
609
455
65
458
511
283
752
787
792
252
782
356
934
379
485
695
609
124
407
159
390
372
43
876
471
367
809
722
539
443
520
414
96
425
955
703
578
815
86
958
142
610
309
229
63
149
832
124
237
568
522
144
880
53
811
200
862
25
637
872
652
431
561
470
43
468
834
564
641
383
312
797
716
124
537
860
321
233
762
804
176
714
694
372
701
747
908
413
416
124
941
631
916
919
337
113
695
200
736
543
382
778
20
236
495
916
647
294
334
433
711
742
231
538
178
683
838
777
969
757
594
727
649
948
404
839
294
251
517
876
683
178
239
227
227
818
669
668
323
372
908
948
689
259
416
252
16
932
523
207
252
896
701
847
213
33
465
658
197
144
772
317
969
376
197
358
608
137
878
928
15
102
970
325
31
283
