388
817
949
853
77
902
919
661
222
358
297
811
705
534
442
403
538
641
484
808
173
888
146
894
11
475
617
170
99
961
627
745
642
427
644
120
280
532
704
830
919
75
782
343
435
724
84
327
568
878
758
547
531
114
17
297
682
85
560
149
247
489
255
179
723
116
917
781
70
85
970
775
860
242
650
152
279
912
895
851
933
206
481
567
644
868
963
46
588
534
143
49
639
896
872
44
723
360
948
919
551
521
897
137
285
839
474
180
758
491
126
197
495
536
102
577
80
319
338
73
143
868
955
628
473
309
813
23
280
918
56
4
288
814
583
176
488
104
285
91
600
197
278
293
373
822
540
86
383
621
891
243
188
668
976
444
692
972
402
393
568
664
124
518
900
313
550
286
531
834
575
232
332
345
912
360
795
359
465
317
431
636
283
254
542
440
540
910
257
845
693
266
786
915
572
783
427
535
38
898
310
384
340
887
505
396
302
157
941
910
863
377
242
255
796
759
831
653
975
708
835
30
799
955
670
859
536
932
797
818
807
201
793
283
633
562
471
717
942
248
124
291
907
97
856
696
134
579
413
613
973
853
779
238
521
477
480
752
446
530
387
583
289
758
585
718
558
697
566
894
742
427
240
452
841
98
501
131
595
635
141
884
556
579
816
621
303
208
67
112
337
440
952
382
867
199
218
103
382
880
917
319
432
420
369
912
299
624
550
947
925
434
587
750
230
349
580
427
628
322
860
153
501
25
201
560
494
450
578
26
170
663
9
575
444
796
891
118
231
695
65
421
506
814
120
29
438
429
307
955
399
639
251
598
670
953
688
722
78
672
886
170
462
520
587
879
111
925
837
523
200
604
194
137
587
629
822
952
716
380
492
293
873
730
480
606
318
273
189
398
46
218
896
539
601
753
586
181
25
226
891
953
150
740
804
411
583
231
513
973
879
558
281
391
761
772
118
804
432
480
506
664
230
165
391
380
599
639
615
221
890
891
391
30
123
240
695
436
137
413
891
225
370
731
18
959
396
869
359
539
187
30
302
467
489
955
629
4
905
895
10
893
837
126
972
482
463
126
529
271
891
232
587
660
469
419
718
584
553
868
492
301
460
858
302
124
138
617
328
321
734
639
124
731
743
858
617
529
777
248
361
199
548
939
71
529
494
10
304
625
898
786
529
556
387
462
799
396
398
441
649
178
55
617
799
932
974
536
942
167
254
707
713
278
461
747
25
895
558
921
856
712
44
201
569
492
597
773
945
622
597
213
897
629
523
664
107
864
599
716
688
182
471
391
283
279
42
599
483
65
783
974
408
403
462
63
899
219
925
905
338
168
28
150
752
331
212
931
917
48
722
861
964
890
302
705
363
377
813
28
359
328
406
868
974
104
296
622
221
804
891
974
664
295
293
905
891
118
741
713
783
429
224
79
773
764
510
794
526
600
858
270
409
462
302
710
424
858
813
895
938
817
948
396
28
584
739
496
615
170
129
154
282
743
366
578
536
656
391
798
197
656
79
5
914
761
480
972
784
409
893
813
307
348
409
415
74
309
566
536
439
706
113
469
50
325
608
931
678
179
205
332
798
887
265
42
684
339
566
530
768
927
657
961
617
661
470
364
974
825
825
950
280
895
925
28
530
507
529
836
390
115
335
496
279
922
858
246
710
528
950
62
36
957
743
684
530
231
423
605
65
358
672
157
471
931
578
599
957
945
257
471
632
495
950
330
411
528
741
620
97
250
96
711
650
65
959
261
65
280
616
282
860
958
957
743
918
65
212
292
424
321
701
921
256
817
716
765
116
556
178
639
959
530
179
740
472
63
762
232
534
558
632
845
113
122
712
105
598
885
485
465
234
650
616
671
785
678
28
684
783
608
328
953
408
926
778
115
242
558
249
250
428
281
71
408
716
270
480
70
350
931
306
639
625
144
481
488
519
348
859
722
430
897
880
29
166
495
341
887
938
408
338
128
662
216
178
70
195
339
539
381
957
409
222
496
499
28
922
818
438
489
392
289
26
409
541
964
511
644
778
835
744
588
661
199
632
973
198
115
684
313
532
11
28
552
599
971
583
202
737
282
836
13
28
296
281
743
679
498
574
949
655
905
252
395
671
600
70
134
198
939
973
91
472
511
939
83
240
973
783
926
198
959
661
684
441
716
371
625
974
62
688
63
887
210
905
162
364
583
683
195
656
5
5
905
846
778
825
455
632
157
436
434
632
526
377
602
604
247
674
461
101
270
65
605
684
338
670
523
745
639
584
860
974
342
814
199
104
566
185
253
389
710
763
661
411
158
480
179
895
813
806
306
377
789
65
566
926
480
280
710
536
411
895
413
389
639
476
912
153
179
424
338
517
896
599
152
104
906
662
391
371
763
975
860
701
178
5
539
706
36
781
238
784
897
539
240
281
295
625
769
487
784
339
541
483
686
397
784
912
439
444
785
289
297
583
712
48
381
902
897
63
71
902
115
536
705
583
625
349
625
123
905
288
356
701
292
123
2
897
205
212
963
83
2
465
604
618
65
737
205
845
688
411
499
385
49
88
886
780
444
268
875
423
510
813
