639
493
594
708
141
334
721
42
9
138
86
576
160
649
182
610
195
414
555
657
34
89
190
197
464
409
171
406
533
439
606
364
602
517
139
171
552
48
260
61
671
565
519
36
402
197
693
479
726
68
349
236
550
56
488
462
355
663
401
297
683
470
411
712
166
555
278
424
244
253
254
620
334
756
265
344
331
575
223
178
405
107
225
637
335
72
633
322
653
261
555
541
430
679
485
603
405
248
670
758
738
21
690
449
695
190
223
229
432
482
234
465
548
475
321
413
301
317
638
613
630
16
97
114
223
278
758
632
658
524
233
35
264
555
327
271
487
381
594
453
450
333
699
294
408
187
106
667
136
335
759
179
236
619
695
342
270
537
673
221
389
506
319
547
676
435
316
204
5
313
666
612
122
107
471
639
580
247
528
639
706
69
511
438
229
699
169
514
147
189
639
112
328
188
437
703
100
483
216
342
41
257
604
505
41
44
594
411
637
594
7
428
520
705
183
55
455
738
359
420
145
320
15
590
275
533
517
27
167
261
342
46
491
598
195
734
474
270
100
122
239
527
262
305
194
195
252
266
666
458
213
307
497
297
377
184
674
238
735
150
195
742
503
78
667
572
523
123
593
506
571
633
235
132
107
575
515
307
198
741
458
313
195
146
690
631
540
278
172
315
307
24
323
126
65
554
304
478
473
674
567
94
128
755
240
165
440
523
212
259
386
303
642
49
652
63
732
103
544
695
78
535
435
33
164
52
411
171
259
359
500
48
559
517
340
9
477
753
78
508
334
253
377
114
98
270
63
215
593
221
531
162
674
745
532
331
307
332
374
102
47
283
177
720
632
600
90
445
579
357
668
451
112
524
130
70
639
527
609
179
276
236
503
169
164
524
202
332
149
307
161
664
541
417
156
240
379
454
77
23
164
466
100
597
142
185
580
244
448
97
35
251
483
653
460
376
550
386
112
128
490
202
64
125
151
402
493
362
42
434
433
450
63
458
244
152
535
155
543
523
2
437
43
673
426
235
183
38
625
387
550
259
2
274
221
589
668
86
314
63
259
368
90
750
283
142
471
762
753
383
37
221
211
523
148
574
625
679
237
360
63
673
63
676
474
51
705
712
746
368
540
472
212
409
368
738
426
86
183
287
605
341
631
445
445
659
509
128
388
186
23
63
255
621
505
302
283
744
706
237
705
570
29
662
29
63
667
247
686
182
662
131
259
679
478
259
625
86
416
202
207
124
434
63
644
586
300
487
211
633
577
3
223
755
254
353
744
655
82
81
520
140
708
395
458
77
532
63
552
255
712
166
434
350
213
176
472
527
511
575
17
259
334
39
265
411
709
433
491
231
254
610
49
29
590
23
670
259
580
185
17
19
362
497
350
326
535
272
573
512
515
491
597
550
612
313
450
550
408
365
211
458
723
39
126
705
313
213
577
542
194
217
302
212
692
202
509
161
29
741
436
98
303
565
465
212
559
82
437
434
448
128
565
237
689
341
683
183
570
655
259
565
557
212
689
163
436
720
255
611
507
272
107
164
84
410
158
620
51
5
759
172
259
403
39
493
164
179
7
613
432
622
641
566
625
717
625
515
264
437
85
126
211
524
221
756
13
56
271
430
755
199
345
577
526
85
683
72
105
723
172
57
427
432
199
368
720
431
437
434
526
164
39
224
383
755
642
667
108
212
332
744
126
408
466
590
710
668
199
5
34
30
291
302
632
512
155
103
643
181
212
368
524
667
559
313
43
574
155
625
282
559
366
74
359
365
708
646
572
259
558
630
118
510
524
317
30
264
430
155
717
57
79
620
303
196
421
299
286
23
568
197
457
221
313
755
407
5
334
114
242
85
142
190
510
710
641
58
68
507
156
683
72
336
597
740
221
229
625
480
88
486
740
750
667
304
384
511
642
345
61
701
212
23
246
565
762
523
383
568
216
156
84
161
330
524
597
2
67
256
300
291
158
696
580
403
189
625
341
226
625
200
558
740
625
753
594
744
646
298
620
238
304
379
58
