29
60
88
19
58
69
52
60
50
70
55
8
66
20
45
55
29
10
75
49
73
22
78
32
15
62
45
73
16
81
33
82
12
84
49
72
27
46
9
75
69
69
43
21
63
79
87
21
25
87
1
15
16
72
73
21
64
17
16
73
14
78
73
53
48
33
63
72
8
53
8
87
45
87
77
73
87
89
36
67
45
81
64
66
36
66
17
87
66
82
34
26
73
79
66
75
75
7
4
71
6
3
71
17
56
5
62
5
8
63
11
17
45
30
33
22
83
7
85
28
83
32
73
57
17
89
5
14
5
59
17
17
63
66
78
80
62
17
70
89
5
63
17
62
66
89
72
80
4
83
75
66
89
83
78
28
78
48
80
80
66
89
22
2
80
66
72
80
56
17
89
32
18
14
89
60
83
78
43
4
18
3
60
75
33
26
66
33
66
33
89
73
82
5
56
26
79
22
22
10
89
32
82
66
17
9
89
43
56
77
56
60
41
24
64
5
15
23
60
56
75
60
24
9
80
41
66
10
4
4
66
41
41
23
10
41
4
17
66
4
66
50
5
66
77
10
41
72
75
5
17
58
64
72
74
23
56
4
4
40
60
60
60
44
32
50
50
23
23
17
17
53
56
50
10
32
50
32
17
44
24
24
75
28
53
9
84
17
88
40
60
60
60
75
50
40
88
32
46
24
22
72
77
28
72
50
22
77
13
48
74
46
50
48
4
60
2
72
46
10
48
72
60
46
72
50
72
13
40
23
23
62
53
46
60
77
4
4
16
24
32
46
4
23
23
16
40
25
62
46
24
10
32
9
4
16
28
80
84
50
25
24
80
10
46
50
80
46
33
46
85
28
32
25
85
32
50
63
24
22
10
85
9
24
53
32
85
85
85
3
77
55
63
25
85
85
25
85
32
53
52
80
80
24
32
24
25
1
72
10
25
32
80
85
63
32
63
85
1
73
32
68
85
32
1
85
11
85
32
72
72
35
78
32
49
74
85
32
85
22
37
3
37
63
20
32
3
85
37
76
37
85
85
11
85
24
22
63
63
3
3
37
33
85
37
2
85
33
63
32
20
2
76
72
11
20
49
37
85
11
19
11
20
20
85
28
56
85
85
68
85
72
19
28
63
85
56
78
66
78
56
56
85
85
68
20
28
56
28
24
28
85
85
85
20
66
56
20
28
66
85
20
33
85
56
11
85
28
11
85
20
34
28
76
85
20
32
20
11
11
62
28
28
11
22
22
14
85
56
28
32
63
85
85
85
85
8
14
56
50
85
34
85
63
55
72
85
56
85
56
33
28
56
71
56
16
85
85
85
28
85
12
89
56
72
85
63
85
36
12
28
85
85
36
89
56
85
65
4
34
85
34
85
85
85
27
27
56
85
56
4
28
65
85
85
4
4
4
85
85
85
79
85
85
85
85
85
56
4
37
79
37
56
56
28
37
36
56
56
37
56
85
28
37
37
14
4
37
85
28
75
28
75
56
75
75
75
28
75
56
65
56
75
75
4
75
56
44
44
56
4
44
44
44
22
28
22
28
28
44
28
34
28
14
14
14
28
44
82
34
44
44
82
82
44
82
28
28
34
82
44
44
28
82
14
82
44
44
22
82
44
82
34
44
44
40
44
40
44
44
44
44
15
22
22
44
7
2
86
86
44
15
44
7
34
44
34
44
80
44
89
44
86
89
15
44
14
89
7
86
44
86
44
89
82
89
44
89
44
44
44
44
44
44
44
2
7
44
89
44
44
44
89
89
44
44
44
37
44
44
44
44
44
44
82
44
44
11
11
82
11
13
11
79
11
11
11
86
86
11
79
86
16
11
79
11
2
80
11
79
11
82
86
11
86
11
86
15
82
11
11
16
11
11
82
80
80
82
82
80
80
86
80
80
82
80
80
82
80
79
82
79
82
86
80
80
79
15
80
86
86
80
86
82
80
80
82
79
15
80
37
80
80
82
86
80
80
79
82
82
7
37
68
68
68
68
79
73
68
79
68
68
68
68
68
79
68
7
68
14
68
86
68
79
15
79
68
86
68
14
14
68
68
68
14
68
68
70
68
68
73
70
68
70
73
68
70
70
14
14
68
13
68
70
14
68
70
68
68
68
68
13
68
68
7
68
37
68
68
68
68
68
68
68
14
68
14
13
13
13
13
68
68
7
68
68
13
37
70
3
3
13
70
13
43
14
13
37
3
70
70
13
70
3
3
3
3
3
14
3
70
3
7
25
70
14
13
70
25
43
43
69
69
7
13
14
5
43
13
13
5
13
13
13
13
43
5
5
43
69
13
5
69
43
5
69
7
43
69
14
5
13
7
14
5
14
5
43
22
14
37
5
5
5
69
5
5
69
5
13
13
69
69
5
69
5
7
83
5
43
5
69
5
13
5
75
13
69
14
13
5
5
5
69
75
5
75
13
5
5
69
69
5
5
5
5
69
69
5
13
75
5
13
13
5
5
75
69
13
5
75
13
69
13
5
5
65
5
5
5
13
65
75
65
7
5
5
65
5
13
14
13
65
29
5
13
65
5
5
65
5
13
14
5
65
5
65
65
5
5
5
7
5
14
13
29
5
13
75
5
5
13
13
5
5
5
5
5
65
5
5
5
49
75
5
5
14
13
5
5
49
40
13
40
13
40
40
40
40
40
49
40
13
40
13
40
40
40
40
13
40
49
14
13
40
40
75
40
40
75
49
40
40
14
40
40
40
40
40
40
40
40
79
40
40
40
79
40
40
14
14
13
79
14
74
14
14
13
13
14
13
14
24
24
24
79
24
79
75
13
79
24
24
79
24
24
24
79
7
24
24
13
74
24
79
24
79
79
24
24
24
13
24
79
74
24
79
74
24
13
24
24
24
24
24
74
24
24
24
24
79
7
24
13
24
24
24
74
13
24
24
24
13
24
13
24
13
24
79
24
13
79
24
24
79
80
24
79
79
80
79
24
24
74
24
24
74
24
24
24
80
79
24
7
79
74
24
24
80
37
24
24
79
79
79
24
79
24
79
79
24
24
24
24
74
24
79
24
24
24
79
79
74
79
24
79
24
24
24
24
80
24
79
24
79
79
24
24
24
80
24
24
79
24
80
24
24
24
24
79
80
79
79
79
24
74
24
79
24
79
79
80
24
46
24
80
24
74
74
79
79
4
4
46
4
80
37
79
79
4
4
80
4
4
74
79
79
4
79
4
79
74
4
74
79
4
4
80
4
4
45
4
80
80
4
45
79
4
4
4
4
79
79
4
4
80
46
4
4
80
4
80
45
80
4
46
45
80
4
80
4
72
4
4
4
4
4
72
80
4
4
80
53
72
4
4
4
53
4
4
4
80
72
4
4
4
4
4
4
4
4
4
80
78
4
80
4
4
4
4
4
78
80
4
4
4
4
4
72
4
80
4
4
72
4
4
4
78
4
78
4
80
4
29
4
4
4
4
4
72
72
4
29
29
4
4
29
29
29
4
4
4
56
29
4
4
4
4
72
72
29
29
29
72
4
4
56
4
46
46
4
72
29
4
72
29
72
40
40
46
40
40
72
40
72
56
72
29
40
29
29
72
40
40
29
46
29
40
46
40
40
40
29
40
40
56
40
29
46
40
40
40
40
40
72
29
29
31
31
46
31
72
31
31
29
51
51
29
46
51
51
72
51
51
51
51
51
51
72
72
51
29
40
40
29
40
29
29
40
40
29
29
40
29
40
72
40
40
72
46
40
72
46
72
40
40
40
46
40
40
40
46
29
46
29
29
40
40
40
40
40
40
40
29
29
2
46
29
40
40
40
40
40
40
40
40
40
29
40
40
40
40
27
40
29
40
40
29
40
40
29
40
40
29
40
63
40
29
40
40
46
29
40
63
46
40
40
40
40
40
40
40
40
40
40
40
40
46
46
46
89
89
76
89
76
76
89
89
89
76
89
46
89
76
89
89
46
89
89
63
89
89
89
46
89
46
89
89
89
89
46
89
63
76
89
46
46
63
46
89
89
46
89
46
88
89
89
89
88
46
88
89
89
46
63
89
89
89
89
89
88
89
89
89
89
89
88
88
88
88
89
89
46
89
88
89
89
89
89
63
88
88
88
88
88
16
16
88
16
46
16
16
46
16
88
88
88
16
16
16
16
13
16
16
87
87
63
13
16
87
16
16
13
87
16
16
16
13
16
13
16
16
16
16
16
16
13
16
16
16
87
13
16
16
87
16
16
13
16
16
13
87
16
63
63
63
16
16
16
16
16
16
16
16
87
16
13
16
16
16
16
16
16
16
16
16
16
16
16
16
13
16
16
87
16
16
16
16
16
13
3
3
3
3
3
13
63
13
3
3
3
13
3
3
63
3
3
63
63
13
72
72
13
72
62
62
62
63
62
62
62
62
5
62
62
62
62
62
63
62
13
62
62
13
62
5
13
62
62
62
62
62
62
62
13
62
62
62
63
62
62
62
62
62
13
62
62
62
62
77
77
13
77
61
77
77
13
77
77
77
77
77
77
77
77
77
77
13
5
61
61
77
60
77
61
61
60
77
77
61
77
60
77
77
61
5
77
77
60
77
77
26
77
77
77
77
77
77
77
1
61
1
1
1
26
5
1
1
5
5
1
1
61
61
1
61
61
5
1
61
61
5
61
1
1
28
61
61
1
5
1
1
1
61
5
61
5
5
28
1
61
28
1
61
28
28
1
1
5
1
5
5
61
1
5
61
1
1
1
1
61
1
1
85
1
85
61
61
61
1
1
61
1
85
61
1
85
1
1
5
36
36
61
36
61
61
36
36
36
61
36
61
5
36
36
36
36
61
85
61
61
5
61
85
36
61
83
5
36
36
36
36
83
61
83
83
36
36
36
36
36
36
52
5
5
36
36
61
5
72
5
72
52
5
50
72
72
50
50
72
50
50
72
50
72
50
50
72
72
50
50
72
50
86
72
86
72
72
72
72
66
52
66
86
72
86
86
52
66
66
66
66
52
86
84
86
84
86
86
72
72
86
32
32
32
84
84
84
86
84
84
86
72
84
84
72
86
86
72
72
32
86
84
84
84
72
86
86
32
72
86
86
86
72
86
86
72
84
86
84
86
84
84
61
61
84
72
72
84
72
61
61
72
84
61
72
84
84
84
84
72
84
56
72
56
61
56
61
72
72
84
72
72
84
84
61
84
61
84
84
84
49
84
84
72
49
61
61
72
84
84
84
61
84
61
84
84
61
72
61
84
72
61
63
61
61
72
72
27
20
20
63
20
20
63
20
61
27
27
27
27
27
63
20
27
63
20
20
63
27
27
27
63
27
20
27
27
27
27
20
20
20
27
20
27
27
63
27
27
20
27
20
20
61
20
61
20
27
27
27
61
20
63
27
20
20
27
27
20
27
61
61
27
20
20
63
20
27
27
20
61
27
20
61
27
20
63
20
27
20
27
27
61
20
61
61
61
27
20
61
61
20
27
61
27
61
63
27
27
27
27
20
27
63
27
20
27
20
27
27
27
27
20
27
27
27
61
61
61
27
27
61
20
63
27
20
27
9
9
20
9
63
9
20
9
9
9
9
9
9
61
20
9
9
9
9
9
9
9
9
9
9
9
3
9
9
3
3
9
3
9
9
3
3
63
3
9
9
9
61
9
63
3
63
63
3
9
9
9
9
63
9
3
63
9
9
9
61
9
3
9
9
9
9
9
9
9
9
63
9
9
63
9
9
3
9
9
9
9
63
9
9
9
9
9
9
9
9
3
9
3
9
9
61
9
63
9
9
9
63
9
9
9
9
9
9
3
63
9
63
3
9
9
9
9
9
9
63
9
9
9
61
3
9
63
9
63
9
9
9
9
9
9
63
9
9
63
9
9
3
9
9
3
9
9
63
9
9
3
9
9
63
9
9
9
9
63
3
9
9
63
9
3
9
63
52
63
63
33
33
52
33
52
36
57
52
36
36
52
57
57
57
36
57
57
52
52
57
57
52
52
57
36
76
52
76
52
52
52
57
52
57
52
52
52
57
76
52
52
52
52
52
52
52
57
75
75
57
75
75
75
76
75
75
75
75
76
57
75
75
79
57
79
79
76
79
79
57
57
79
79
57
79
79
76
46
46
46
76
76
76
76
46
10
10
10
46
46
46
46
46
76
46
46
10
76
12
12
12
12
12
12
10
12
10
12
76
76
12
12
76
12
12
12
10
12
12
12
2
2
12
12
34
12
12
12
12
2
12
12
2
2
12
12
12
10
12
12
12
12
10
12
10
12
10
12
74
12
12
74
12
12
12
10
12
12
74
12
12
10
12
12
12
12
10
12
12
10
12
12
12
34
10
12
67
67
12
12
67
67
67
12
12
12
10
12
12
12
67
12
12
12
67
12
67
67
12
12
12
10
12
67
10
67
12
10
12
67
10
12
10
10
12
10
12
12
34
10
12
10
10
10
12
12
12
10
12
67
10
10
10
12
12
10
12
10
67
67
12
12
10
67
12
67
12
10
67
12
67
12
12
10
10
67
12
3
3
67
3
3
67
67
67
10
10
67
3
10
67
10
10
3
10
67
10
10
34
3
67
10
3
67
3
67
3
10
10
3
67
10
3
67
3
67
67
10
67
3
3
67
10
67
67
10
67
3
10
10
58
3
10
3
13
3
10
3
64
10
10
64
64
64
64
10
10
10
64
10
64
64
64
64
64
64
64
64
13
10
64
13
10
13
10
10
64
10
34
10
10
10
64
10
64
64
64
34
13
64
64
64
64
10
34
64
64
64
47
47
64
64
64
47
47
47
64
34
47
10
10
64
64
64
64
64
47
47
64
64
64
64
64
47
64
85
85
47
47
47
47
64
64
64
85
64
64
64
85
64
47
47
85
64
47
47
85
47
64
85
64
47
64
47
85
64
47
64
64
64
47
64
64
64
64
64
47
85
85
85
64
64
64
64
64
64
47
64
64
64
64
47
47
64
47
85
64
85
85
85
47
64
47
64
64
47
64
64
64
64
85
64
85
64
64
64
85
47
64
64
64
64
85
64
47
64
64
85
64
64
64
64
47
47
64
85
64
64
64
64
64
64
85
64
64
47
47
85
64
64
64
85
64
64
64
64
88
85
88
64
88
64
85
64
88
88
85
64
64
64
64
64
87
87
87
87
87
87
87
87
87
87
87
87
87
87
87
85
52
52
88
85
52
88
85
52
88
52
52
52
52
52
85
85
85
52
52
85
52
52
52
52
52
52
52
88
52
88
88
52
52
52
52
52
52
52
74
74
74
52
52
52
52
3
3
3
3
3
3
74
19
74
19
74
19
74
19
19
19
74
74
19
88
88
19
19
19
88
88
74
88
74
19
74
74
19
74
19
74
19
19
88
19
19
74
88
74
88
74
19
19
74
19
19
19
19
74
19
88
80
80
80
74
88
80
88
74
74
74
74
87
80
80
87
80
80
88
88
88
88
19
19
80
19
19
80
80
80
80
87
80
80
80
80
87
87
19
87
80
80
80
85
85
87
80
80
80
80
80
80
80
87
87
80
85
80
80
80
80
87
87
80
85
85
80
80
85
80
40
40
85
85
40
40
40
87
40
40
40
40
40
85
85
87
85
40
42
68
42
85
68
68
68
68
42
85
42
68
68
42
68
68
68
68
85
85
85
68
68
85
42
68
85
68
68
68
68
42
68
42
68
68
68
68
68
85
42
42
42
85
68
68
68
68
85
68
68
68
42
68
68
68
68
68
42
68
68
68
85
42
68
68
68
85
68
42
85
42
42
74
74
74
85
74
85
74
74
74
74
42
74
74
85
74
74
74
85
74
85
74
74
74
74
42
74
85
74
74
42
74
85
74
74
85
42
74
85
74
74
42
74
74
74
85
74
74
74
74
85
74
42
74
74
74
74
74
74
42
74
74
74
74
74
74
67
74
74
74
74
42
74
74
74
74
74
74
74
74
22
22
74
74
42
74
74
74
22
74
22
74
74
74
