370
639
160
503
579
427
620
334
35
409
453
106
114
272
532
234
640
282
411
187
247
625
187
304
70
543
483
517
336
241
169
103
176
410
57
185
660
511
332
240
553
605
108
619
380
553
366
619
412
67
88
299
361
427
66
661
595
330
538
541
83
466
404
169
56
268
565
159
613
631
83
85
196
331
117
317
330
565
176
400
230
510
142
292
275
61
105
600
230
142
186
198
620
452
616
81
306
197
619
542
621
344
171
44
627
683
288
261
620
361
12
417
653
368
42
439
520
201
543
324
208
469
314
422
164
246
317
345
358
3
384
556
477
79
180
651
508
361
256
500
306
276
470
563
261
342
132
321
4
335
663
15
174
42
9
557
248
282
166
547
306
484
317
274
193
609
346
121
59
264
317
452
310
299
134
20
524
321
400
535
396
84
686
226
202
265
127
635
433
580
609
565
190
619
550
693
26
570
619
166
580
674
174
363
602
306
118
394
354
138
297
186
467
300
581
474
199
663
142
241
380
413
107
606
648
286
569
467
553
241
434
229
317
580
635
18
390
418
640
654
360
84
288
166
589
480
478
70
267
408
91
179
20
203
34
107
512
285
613
60
107
378
659
218
526
137
690
197
15
678
115
332
369
663
430
654
422
433
50
654
118
674
424
556
453
559
395
125
380
206
138
67
339
617
453
449
112
218
430
150
249
582
346
346
62
558
492
260
18
321
579
293
561
499
607
555
536
364
656
206
543
89
82
305
340
130
15
112
20
569
149
361
88
66
361
57
411
15
119
26
271
176
413
190
39
73
3
492
680
12
91
11
11
271
629
481
149
674
395
55
205
477
279
192
77
640
271
7
646
233
517
515
25
61
15
36
191
543
391
205
555
508
370
14
115
526
354
168
449
395
555
522
443
447
397
265
609
645
18
165
240
677
422
289
440
30
555
656
358
560
361
541
505
53
330
556
99
520
249
58
482
349
109
593
514
53
221
249
263
240
149
677
65
518
265
139
110
310
79
27
131
674
268
53
447
305
423
225
515
596
490
482
7
632
205
581
632
400
449
623
447
227
403
388
92
187
383
193
555
255
202
263
267
388
452
169
575
248
143
656
23
53
205
269
559
358
36
429
678
508
361
663
7
511
486
16
187
341
362
560
174
132
609
594
79
363
167
678
439
53
207
501
347
347
668
641
25
285
196
358
332
457
525
147
347
541
678
149
569
649
646
181
472
509
47
407
653
9
174
399
48
251
276
642
116
168
563
290
119
547
201
285
395
349
197
131
518
490
457
475
594
314
594
77
525
110
553
545
132
268
166
109
222
334
445
666
89
575
9
335
555
198
361
329
360
119
436
361
132
1
169
437
285
58
299
217
383
598
199
278
327
553
564
423
350
240
423
381
23
449
48
276
400
103
517
520
407
315
290
33
25
379
90
174
25
674
358
267
339
235
110
602
360
210
429
181
95
580
126
313
445
553
215
478
692
178
18
107
647
97
514
14
632
393
5
165
59
72
50
224
605
278
622
494
333
117
443
271
138
15
513
403
341
155
174
351
2
429
521
255
28
569
148
478
176
285
342
527
137
149
281
396
390
15
255
363
23
15
413
329
329
290
445
457
581
36
232
75
575
113
685
664
671
687
115
205
199
155
181
275
363
447
25
407
290
313
575
576
470
667
73
576
420
435
149
521
667
107
575
605
21
290
329
467
28
46
547
315
564
403
609
235
132
314
34
409
478
615
537
439
313
388
646
467
360
275
92
147
132
89
191
304
329
221
672
126
457
667
172
603
652
167
543
217
25
395
571
663
100
663
244
2
492
2
428
393
649
189
508
443
667
334
687
649
186
685
66
677
285
541
620
85
578
141
82
317
132
353
15
141
260
74
299
259
91
251
617
300
129
649
615
132
664
411
504
519
118
18
36
107
581
476
97
35
176
132
196
584
626
647
563
645
298
632
244
15
420
225
409
99
161
499
547
271
399
442
161
536
399
282
403
110
334
351
121
581
613
95
403
410
261
663
126
72
663
645
391
246
663
300
576
101
86
224
527
95
66
459
584
653
644
505
131
559
400
329
18
306
84
82
582
391
334
269
122
174
110
278
58
112
395
105
450
167
646
413
182
271
10
10
275
285
569
391
451
354
101
477
339
329
651
25
338
662
8
399
263
393
476
457
400
580
101
109
565
663
275
285
97
150
451
293
75
186
285
33
10
606
218
18
162
182
360
110
399
274
84
373
659
374
100
564
263
451
150
118
593
653
136
271
126
285
167
440
118
84
23
97
104
100
429
564
575
599
150
174
341
251
261
632
122
382
528
95
122
532
329
15
395
57
643
664
564
15
576
73
15
339
172
560
458
12
420
259
613
25
532
224
467
439
321
420
382
181
267
668
153
615
519
150
473
356
74
653
328
176
354
257
34
519
580
328
537
617
528
34
84
541
355
593
245
363
453
354
25
74
132
654
107
97
638
382
118
115
126
374
96
659
354
662
244
245
598
518
161
101
646
354
610
319
450
388
563
410
245
396
96
327
613
354
181
21
646
351
224
134
276
261
618
259
689
132
162
95
154
654
351
650
314
457
363
25
162
223
290
162
352
101
321
167
339
610
504
503
677
261
354
15
202
126
646
245
654
639
136
94
95
121
271
537
537
637
378
553
395
246
150
638
564
443
199
451
199
689
282
141
150
626
181
592
215
293
310
351
162
162
429
189
548
660
465
451
354
78
15
46
97
410
141
657
694
360
225
518
391
439
514
532
181
645
465
440
611
174
410
354
218
457
564
457
329
115
637
290
451
416
254
314
572
250
125
162
21
578
598
537
410
