8
112
7
129
74
32
68
124
26
47
15
1
24
105
137
13
101
3
4
37
87
59
128
127
110
113
77
89
115
62
123
102
78
79
105
11
63
40
127
23
84
129
38
94
87
63
27
3
20
58
24
3
134
27
54
20
69
20
59
40
115
59
40
77
121
47
113
19
18
27
69
29
77
38
83
63
19
43
29
101
3
30
128
111
14
69
3
29
40
56
61
113
111
111
39
95
134
96
77
69
34
96
47
135
65
27
41
33
122
38
68
34
38
122
38
116
74
21
69
59
88
38
69
126
111
107
20
26
2
49
47
111
59
96
139
6
21
20
73
69
69
30
132
95
85
69
96
68
98
49
98
103
85
30
44
78
113
96
116
78
113
126
78
62
96
110
50
38
41
50
113
38
78
113
80
71
50
5
95
38
95
126
98
85
101
50
122
111
111
78
95
63
95
17
98
109
15
125
95
115
34
132
61
17
95
56
85
95
11
124
70
93
127
125
5
11
31
35
34
126
93
23
65
70
109
40
74
75
113
13
124
90
108
31
15
111
95
93
31
113
34
35
56
21
11
95
61
35
126
70
116
90
73
80
91
95
74
139
15
138
126
15
81
68
15
106
132
132
57
108
21
34
35
5
73
15
70
75
11
15
109
137
109
103
30
80
68
30
93
90
126
31
121
34
106
34
13
21
31
93
93
34
126
15
34
67
58
11
98
24
73
106
81
70
31
74
58
17
21
11
90
34
11
98
46
34
103
81
137
93
3
60
137
34
6
67
67
80
24
98
60
98
98
139
46
46
78
74
25
98
60
58
17
98
132
101
24
18
24
31
93
60
133
58
25
137
78
132
34
90
16
34
18
67
135
78
6
98
93
18
133
47
25
93
43
70
11
98
88
22
16
29
25
16
82
98
88
67
9
93
133
34
47
34
25
97
97
57
34
25
108
133
47
25
34
93
133
93
135
98
22
25
37
34
98
34
135
93
93
93
43
22
78
67
67
7
56
108
34
11
57
98
67
17
78
78
57
90
135
22
47
43
123
98
11
17
25
78
9
34
25
98
67
113
93
33
25
97
25
22
7
90
113
22
33
17
57
93
98
133
139
22
97
135
22
95
11
98
34
67
34
123
25
67
63
39
22
25
47
67
97
78
94
34
97
61
9
16
78
25
98
25
8
78
61
113
7
113
113
56
9
93
135
98
98
63
78
113
97
25
78
98
93
11
63
56
22
98
19
90
78
9
113
33
2
57
98
135
90
22
25
113
63
57
33
98
57
98
78
135
98
78
19
95
57
125
114
90
25
57
57
78
97
135
78
19
13
9
125
25
97
57
104
57
114
42
57
114
25
9
95
95
25
129
135
90
22
57
22
90
125
95
16
78
57
94
57
114
114
95
22
25
25
95
135
114
97
22
103
114
16
22
101
61
25
51
98
129
94
81
91
61
60
91
114
25
25
57
95
97
94
62
90
61
114
114
101
62
129
101
22
97
97
57
135
25
101
95
25
90
78
97
121
114
57
25
72
98
72
61
98
98
61
57
57
57
61
61
78
25
98
61
101
25
57
78
57
129
97
91
101
25
61
61
61
68
61
68
25
90
95
51
67
62
131
91
25
57
91
57
121
90
96
88
25
95
67
95
91
96
88
97
25
61
57
96
61
88
68
96
97
91
129
57
68
25
51
25
24
67
25
25
24
90
91
63
24
90
25
61
57
25
6
25
51
51
5
46
24
98
68
88
67
63
97
97
88
68
25
90
5
25
105
25
57
90
118
118
57
25
109
121
62
25
90
3
97
25
97
25
105
105
101
118
57
67
25
57
97
121
57
51
105
105
105
63
118
118
97
63
97
44
62
25
109
62
68
17
104
17
44
68
57
97
57
57
101
118
67
105
105
121
127
105
84
6
68
84
25
105
25
67
57
68
51
122
127
105
114
84
25
25
127
114
6
20
84
17
20
114
25
101
6
25
114
29
44
114
72
101
62
25
33
114
127
114
33
33
62
118
61
118
33
72
114
49
33
114
29
49
118
54
49
114
114
67
114
101
114
49
49
33
121
121
49
121
67
54
33
62
44
118
127
106
33
106
33
67
114
17
97
106
1
1
97
106
1
56
97
70
54
67
62
56
67
97
114
97
43
130
114
54
121
55
43
62
1
56
114
1
127
56
114
1
6
43
44
56
97
56
97
97
62
127
55
17
136
114
62
114
1
6
128
73
67
114
6
56
114
43
44
56
97
56
135
135
130
56
43
56
135
1
54
127
127
56
135
114
135
17
43
73
114
56
135
67
55
17
114
135
135
127
114
114
55
56
127
127
62
56
114
127
114
111
128
135
135
54
135
32
62
114
114
135
32
66
106
59
55
114
59
114
56
136
106
72
111
135
114
56
111
111
32
127
59
135
59
56
110
114
63
127
111
114
62
110
62
106
106
127
59
106
106
32
114
32
114
114
54
54
135
110
135
73
135
40
62
114
114
114
73
114
114
111
55
40
17
135
110
62
111
55
110
8
63
110
54
111
55
66
66
114
110
40
110
110
8
55
135
62
110
135
73
114
114
62
27
66
59
114
62
110
110
135
40
110
62
38
111
114
103
114
111
66
114
40
114
114
81
99
65
111
114
65
65
81
40
65
81
4
65
103
114
65
40
114
137
62
55
118
40
62
114
81
40
114
114
65
65
114
81
114
114
40
114
62
18
65
103
4
114
114
114
18
103
114
40
40
81
81
81
81
65
40
81
114
103
116
62
65
40
135
118
18
118
18
114
19
18
103
18
116
19
40
18
135
62
18
19
18
62
40
62
133
116
133
114
114
19
103
19
114
114
134
124
19
4
124
116
19
114
114
124
103
4
34
19
133
55
55
124
103
80
62
118
124
103
55
44
118
40
40
118
124
124
124
124
55
103
4
124
44
44
103
118
55
62
55
4
30
55
55
21
55
55
133
124
4
19
40
55
133
30
21
62
124
21
55
108
19
55
124
40
108
108
19
21
124
124
40
108
40
124
40
30
55
19
21
133
55
55
21
55
30
108
55
21
108
91
133
4
124
40
133
108
108
21
55
55
19
133
2
21
21
124
21
108
76
108
21
108
124
19
19
38
124
19
19
108
12
12
38
108
124
108
133
2
2
38
2
124
12
19
38
21
2
76
124
19
108
108
108
19
2
2
19
108
12
30
21
12
76
21
76
21
108
2
108
12
2
76
97
2
97
124
11
130
130
2
2
2
4
124
11
124
21
4
2
21
108
77
108
2
11
124
11
2
11
2
108
2
77
47
47
38
76
21
77
2
38
108
77
2
124
77
38
124
77
77
21
38
38
2
77
77
124
11
11
77
47
21
124
11
2
38
2
2
108
38
21
108
108
108
2
76
108
77
2
77
21
47
21
11
21
2
77
77
108
21
38
77
2
2
76
2
11
21
26
21
21
26
108
38
26
21
47
38
26
26
26
26
77
38
26
56
26
108
26
26
11
26
77
43
21
11
56
26
26
108
26
76
26
21
47
26
56
21
26
108
38
38
47
108
21
26
21
38
108
108
26
56
56
21
11
38
26
11
26
77
11
56
26
56
76
11
11
56
47
11
108
26
26
77
91
43
26
26
38
21
26
91
77
77
108
26
26
76
77
108
26
77
47
38
21
21
26
54
77
26
77
91
21
38
54
21
54
91
108
108
131
38
77
54
131
21
131
21
47
77
91
108
131
77
131
131
131
54
131
47
131
125
44
131
125
91
131
108
131
125
91
131
108
77
77
64
125
91
108
44
64
44
44
77
15
38
77
38
38
77
77
64
54
91
69
54
69
15
69
108
77
69
15
77
77
91
38
69
15
15
69
69
38
69
69
64
91
69
77
69
15
91
45
91
91
77
15
91
69
69
64
38
15
91
77
15
44
15
15
91
15
44
15
91
108
130
130
130
130
108
91
15
91
108
108
108
108
77
15
15
77
108
130
38
15
130
77
130
130
83
108
130
15
130
130
130
108
38
130
15
130
130
15
77
15
15
130
77
44
130
15
91
130
130
15
91
130
29
29
130
130
130
15
71
77
71
130
91
91
130
130
15
45
15
130
15
15
83
15
71
130
91
130
77
91
130
15
77
130
71
77
71
130
130
15
130
15
77
130
77
15
45
120
130
77
77
77
130
15
91
83
15
77
71
77
15
77
91
83
130
130
130
130
44
130
101
91
15
130
91
45
45
15
83
130
130
15
130
15
130
101
15
15
15
83
120
71
130
130
101
105
101
130
15
15
130
71
15
130
120
15
15
71
15
71
105
15
130
101
15
130
29
120
105
130
44
44
101
130
130
45
15
15
71
130
44
101
45
101
15
130
71
15
101
130
71
71
15
130
71
71
130
39
105
15
71
105
130
39
130
15
93
15
15
101
15
105
15
130
15
130
105
93
15
15
130
101
101
93
130
29
93
10
10
101
10
44
130
10
130
39
105
130
10
105
34
10
130
101
130
101
10
10
10
93
105
127
34
130
130
130
130
10
101
130
101
127
101
10
130
10
130
105
130
10
130
10
130
101
10
101
130
117
117
130
130
93
117
105
130
117
127
93
93
117
130
101
117
117
93
117
93
30
101
101
130
130
117
24
110
101
93
130
127
130
24
110
110
130
101
101
110
130
130
110
110
110
101
127
127
110
24
24
24
24
130
101
130
24
130
101
110
24
130
121
130
110
30
93
101
130
130
93
24
135
24
93
130
101
130
130
110
24
93
24
130
130
110
110
130
121
110
130
130
130
101
110
110
110
93
24
130
130
130
110
24
130
24
130
130
24
130
110
101
130
135
130
130
130
130
130
101
130
30
39
130
135
110
110
130
71
130
130
130
93
39
71
71
71
93
135
101
71
39
121
71
39
71
39
39
130
39
71
39
71
75
39
135
71
132
75
75
75
75
39
75
39
96
39
75
75
96
39
96
75
39
39
75
75
75
96
39
39
75
96
39
96
75
96
121
96
36
75
75
45
30
75
106
96
36
36
39
39
75
106
96
39
75
39
75
96
75
75
75
39
75
106
75
39
75
36
39
106
75
106
36
106
39
96
96
96
39
36
96
39
96
36
39
75
39
106
75
39
96
96
45
106
75
75
75
96
75
96
135
96
75
39
39
39
75
106
106
75
96
96
39
75
96
39
96
79
75
75
79
75
96
114
96
96
36
96
39
75
79
45
39
79
75
75
39
39
96
114
96
75
36
96
75
79
79
34
34
34
36
34
34
34
75
39
36
39
75
75
75
79
34
75
75
75
75
114
79
75
34
75
75
34
39
36
115
115
115
34
34
39
115
114
34
34
115
114
115
79
126
39
39
34
115
34
79
79
79
34
115
115
115
126
115
34
126
39
39
115
34
34
39
39
34
115
39
34
115
115
34
39
39
126
34
126
39
34
126
126
115
126
115
34
79
126
115
115
39
115
115
115
115
115
34
115
88
34
121
115
121
115
88
115
34
39
115
34
39
115
115
39
126
126
34
115
34
115
115
115
34
126
79
115
34
126
115
34
34
126
115
39
115
39
115
34
112
39
126
126
115
115
115
34
14
39
39
34
34
34
39
115
14
39
39
39
115
39
39
115
39
126
115
115
79
115
39
34
34
115
115
39
39
39
14
34
126
34
39
34
39
34
115
115
115
126
33
33
34
33
34
14
33
33
126
126
39
34
39
33
39
39
34
126
126
39
39
