86
521
288
655
481
180
74
626
374
42
399
515
600
381
323
403
377
626
633
91
267
568
571
445
405
260
470
21
269
538
40
611
240
166
198
90
558
562
606
123
285
32
349
654
395
480
639
420
534
497
273
559
343
387
569
559
429
327
60
62
96
203
620
292
257
387
495
418
90
161
132
431
265
339
515
92
370
108
188
690
676
237
386
218
405
698
183
607
717
281
687
507
162
565
64
433
592
347
443
449
473
709
183
89
106
660
142
391
74
197
218
132
334
654
486
295
423
171
523
635
456
197
456
220
668
155
132
228
384
672
631
33
567
487
17
268
266
481
544
616
8
699
150
507
675
56
276
349
581
113
532
670
498
370
562
37
637
655
66
176
207
397
270
396
170
77
392
218
591
441
283
395
350
179
393
675
63
392
536
162
400
50
616
324
456
186
416
298
502
411
241
84
647
251
182
458
267
435
361
381
40
1
99
551
457
608
179
210
715
661
33
709
341
407
254
410
184
396
643
93
121
81
321
439
314
441
545
239
146
219
378
222
110
120
222
182
577
116
410
497
103
504
534
3
420
603
80
400
700
234
707
72
149
696
498
194
33
318
654
408
388
126
38
318
710
695
187
126
319
153
539
47
257
452
570
477
526
337
639
331
438
91
40
187
517
301
386
251
539
420
254
36
238
199
134
556
33
637
644
411
388
62
502
692
254
346
506
267
66
212
706
555
