389
51
137
164
341
263
340
348
15
399
172
238
259
182
251
301
131
55
76
106
191
63
344
97
23
172
102
36
32
393
15
125
32
13
247
398
358
27
340
214
307
134
152
263
89
312
249
335
200
244
248
148
255
52
275
69
260
57
23
51
372
337
226
394
291
384
129
341
27
313
196
76
105
162
142
64
170
43
228
349
106
214
60
237
211
32
315
175
330
170
282
385
191
88
390
168
89
193
382
376
258
148
112
179
208
104
165
266
314
162
196
392
382
274
110
89
303
165
335
261
317
60
355
399
335
375
250
314
226
290
141
39
216
91
306
43
293
277
12
128
12
207
279
249
244
388
392
375
145
181
214
323
104
215
105
80
398
136
56
359
325
2
343
108
39
351
204
38
307
342
355
246
188
12
48
334
404
277
400
175
48
107
240
155
33
139
311
344
43
113
118
42
190
217
14
352
43
314
277
114
392
47
134
391
84
159
359
111
358
250
185
177
48
407
336
191
131
339
37
310
293
260
4
355
151
203
180
122
125
235
31
192
365
385
296
205
209
310
49
179
375
112
236
249
67
57
169
208
246
95
295
273
365
392
56
250
185
192
209
296
292
94
228
67
5
198
318
293
326
329
339
13
168
365
358
256
173
358
80
399
117
184
8
191
84
28
68
399
366
28
185
405
233
78
168
237
191
193
76
231
357
125
244
286
46
332
192
136
212
40
165
228
235
80
359
388
22
76
229
212
129
165
360
34
226
208
366
365
101
179
406
253
132
326
33
13
184
6
219
320
209
370
249
108
43
111
276
43
33
326
386
33
106
80
202
66
95
236
84
292
31
132
108
125
397
185
219
253
72
119
315
234
46
8
286
180
78
216
234
208
202
264
53
208
233
199
184
12
125
78
385
230
208
33
33
145
228
46
173
42
355
244
271
125
228
260
38
204
253
67
46
67
24
184
314
12
111
321
331
3
209
202
198
96
293
41
401
6
97
407
361
187
46
348
373
98
176
320
263
398
97
199
212
180
33
179
125
8
135
98
171
33
178
208
159
345
155
187
365
200
107
228
216
44
304
43
339
233
49
202
211
75
240
209
95
165
75
165
394
249
352
199
165
320
178
209
276
38
61
96
41
202
165
365
329
396
201
367
375
224
184
369
200
240
365
358
16
75
208
211
256
12
367
202
358
111
352
279
373
228
407
67
165
208
280
229
43
229
49
120
216
166
367
41
258
201
184
155
234
367
214
44
363
159
224
31
370
407
229
276
6
281
111
221
84
276
258
344
173
111
314
273
84
72
363
125
84
208
229
31
399
68
2
2
367
363
6
256
234
10
84
256
395
319
355
29
342
367
314
31
232
358
6
367
6
180
40
274
212
200
354
354
367
145
328
283
360
43
98
224
384
209
276
203
373
371
211
330
8
358
219
96
286
240
211
132
254
6
295
375
359
152
6
314
93
398
43
171
135
98
106
361
249
237
390
398
232
141
286
363
398
276
232
61
62
314
211
295
385
370
211
330
408
171
152
37
130
2
168
37
219
152
244
232
200
240
411
338
284
173
244
6
209
232
286
371
355
342
276
6
279
62
152
33
65
84
44
338
33
132
314
33
304
43
221
205
286
26
29
262
279
384
31
353
370
365
65
253
125
212
407
306
205
106
200
240
342
39
319
264
125
187
295
125
19
363
366
166
285
57
200
253
353
139
19
326
358
173
232
276
224
363
65
173
106
46
88
145
232
208
183
132
326
353
260
256
358
131
208
148
369
232
358
275
256
322
275
132
115
326
339
148
256
163
256
61
132
31
148
86
125
369
212
43
86
245
326
33
299
86
106
125
353
173
249
212
257
125
149
180
32
350
180
288
286
342
338
271
109
288
200
171
330
338
6
363
232
145
286
184
184
212
363
133
232
168
339
200
372
86
339
187
163
3
322
106
224
208
322
241
286
193
256
86
168
86
326
286
278
322
40
364
370
5
125
184
289
208
34
44
86
132
319
319
336
326
227
23
213
168
342
380
132
357
363
286
326
411
253
32
86
256
86
86
353
275
355
339
260
148
98
322
363
365
224
379
275
286
275
253
369
359
286
369
212
289
363
212
232
338
208
359
6
200
43
187
380
339
61
366
148
232
275
370
6
46
50
276
289
375
365
200
96
86
379
6
319
289
61
326
355
61
379
394
289
369
326
365
278
355
86
133
145
46
282
6
286
379
124
3
380
348
93
299
278
379
6
213
17
380
200
212
170
50
375
170
339
106
265
133
173
180
86
274
257
375
200
124
57
257
148
86
339
163
50
379
60
365
275
96
395
379
6
374
375
170
369
203
286
60
157
83
380
359
157
44
289
358
44
50
163
364
86
212
200
232
276
170
163
276
380
359
265
163
44
180
46
180
224
353
241
53
170
86
133
286
31
265
116
6
257
396
165
83
396
369
53
408
44
278
163
203
179
290
38
86
275
60
170
93
340
380
326
44
369
369
286
380
180
83
120
120
278
284
203
357
278
9
257
395
252
369
252
299
282
116
145
321
332
145
252
32
321
220
380
343
86
170
60
43
149
380
370
275
395
27
257
314
276
385
260
21
276
274
257
396
299
163
275
332
145
60
55
179
212
321
252
65
321
212
9
321
385
38
395
86
203
212
43
163
170
265
163
171
382
149
238
252
275
275
148
332
249
360
359
326
199
170
208
276
38
203
381
299
275
276
38
149
276
163
249
180
27
276
217
321
199
359
9
238
276
232
53
275
203
274
86
93
9
9
276
87
9
212
17
179
179
38
170
96
359
77
86
275
57
9
394
276
43
265
362
86
202
364
17
163
238
212
86
364
329
53
38
60
84
276
116
394
151
93
289
145
236
314
282
84
356
276
61
145
93
77
362
356
38
233
17
404
355
203
366
338
212
364
203
332
31
86
93
366
381
87
238
332
86
216
329
274
219
249
32
216
372
163
109
93
382
319
332
364
84
338
170
338
265
116
329
332
180
31
27
203
356
382
141
265
265
116
338
238
38
27
8
141
216
109
257
281
249
141
87
163
76
332
38
76
364
27
369
180
203
383
86
360
84
262
145
326
61
61
84
38
198
187
209
57
76
145
289
84
180
76
31
249
170
38
369
145
170
220
44
60
216
203
76
32
220
38
209
363
385
216
212
249
385
170
284
382
44
86
216
265
319
170
284
86
163
408
31
123
145
382
372
359
96
21
359
329
265
185
203
208
385
38
329
61
257
86
43
60
385
366
60
163
364
203
27
146
265
61
265
236
249
382
31
146
364
209
366
332
332
61
8
86
236
338
363
93
323
145
76
21
8
145
257
264
86
192
57
265
329
31
329
366
86
335
299
93
93
366
125
8
93
366
190
163
8
262
131
9
27
187
338
342
257
38
117
265
163
145
208
163
213
117
170
257
265
208
300
212
27
27
366
300
284
38
299
170
257
7
355
366
131
198
284
359
8
366
131
263
203
364
257
198
373
366
86
202
131
382
93
110
203
257
366
117
145
82
216
366
366
338
192
170
86
190
89
212
117
300
332
86
230
82
145
381
263
38
300
366
265
284
382
382
110
212
190
27
364
31
382
213
329
8
359
265
145
212
216
216
8
8
265
366
359
265
300
145
290
339
93
202
145
203
366
125
53
27
57
32
382
190
359
366
208
230
364
131
76
339
76
339
117
185
366
145
117
125
38
216
329
230
359
145
158
5
339
338
40
89
332
38
289
366
131
339
31
76
158
339
27
125
216
9
257
265
332
5
289
319
329
117
366
338
27
212
216
213
329
265
264
145
38
27
406
264
203
158
338
145
38
198
5
289
329
332
177
27
305
332
339
212
5
170
329
76
264
177
381
117
9
27
332
40
31
289
406
9
31
216
27
224
131
83
7
117
141
289
9
372
177
31
236
192
192
347
31
190
76
203
300
170
216
40
166
177
131
145
67
117
213
363
185
257
203
131
110
203
264
300
125
117
359
192
203
8
300
372
131
402
359
117
32
338
203
170
339
145
224
213
262
265
76
339
8
328
216
38
339
262
265
203
265
131
192
359
170
5
339
236
406
27
406
8
265
359
67
170
76
332
264
382
177
131
145
145
257
406
92
142
236
339
67
145
32
363
15
131
202
236
382
31
203
145
9
126
342
38
177
117
363
212
76
332
83
265
339
177
177
339
264
60
406
7
145
339
323
131
192
117
332
131
339
177
177
203
406
328
9
289
177
145
332
131
9
355
92
5
339
31
203
117
216
277
145
339
382
330
264
215
101
338
323
67
339
406
339
170
117
328
212
355
406
145
264
332
265
92
197
263
398
197
406
101
158
293
193
332
67
31
332
264
67
192
264
216
148
382
293
216
101
141
192
264
15
8
330
31
216
85
402
330
359
203
8
339
339
145
359
31
330
212
339
293
203
359
197
342
32
185
92
32
145
338
342
293
372
342
145
322
63
263
97
293
265
265
212
216
31
140
405
382
63
265
330
192
85
339
359
114
293
197
140
67
265
360
57
15
91
264
192
192
265
339
338
245
117
114
114
114
15
355
208
265
257
289
63
85
406
61
359
117
85
117
339
15
253
216
192
293
176
192
107
63
382
264
31
264
265
92
290
83
67
61
83
289
61
31
91
212
192
406
192
359
117
264
264
63
289
330
398
31
359
114
293
31
359
289
208
152
264
97
330
152
359
208
406
83
114
63
31
398
319
406
31
328
197
398
330
224
382
257
67
48
192
13
330
189
322
158
92
198
192
212
289
328
338
192
224
92
2
257
328
224
398
319
212
402
265
339
236
264
224
192
57
398
224
117
117
230
359
230
339
224
152
114
152
230
236
339
398
236
192
224
339
359
192
264
402
224
192
399
334
339
85
61
67
212
192
329
114
212
61
236
224
335
198
198
236
335
208
8
224
335
198
85
141
114
192
8
398
236
8
339
198
8
230
117
335
236
319
398
15
342
48
339
230
67
187
117
399
85
215
215
224
117
264
8
208
65
317
152
61
398
8
64
335
67
398
4
2
339
398
2
4
359
322
236
398
224
61
335
399
236
4
2
236
61
187
192
61
208
339
4
322
212
192
359
264
117
339
236
61
4
398
4
339
13
61
335
67
398
236
38
2
67
334
13
117
83
398
187
359
319
192
375
339
398
236
55
4
61
319
399
65
335
61
300
257
152
8
187
339
399
359
198
38
91
339
236
317
127
117
8
300
321
339
339
236
8
264
132
334
192
264
339
91
61
335
398
339
236
67
319
67
192
398
67
236
399
61
127
64
57
321
317
93
198
114
117
208
399
98
236
98
317
208
91
98
61
57
321
67
399
211
319
339
264
264
57
187
264
321
15
67
317
264
317
398
192
339
399
355
93
257
132
339
398
335
187
236
398
236
317
91
197
257
98
91
127
98
236
321
398
67
98
65
187
236
339
399
321
264
140
152
91
61
398
174
103
98
236
187
206
67
98
58
140
339
266
67
321
399
194
339
339
194
399
321
321
339
127
61
99
99
321
178
225
140
65
339
339
266
317
178
98
64
317
103
61
335
353
178
335
15
339
187
174
117
15
67
236
93
91
339
61
174
236
339
353
48
299
83
398
317
83
236
398
83
127
236
48
399
279
67
98
353
334
236
398
339
83
257
179
399
98
317
339
353
61
339
335
236
398
174
353
236
98
353
98
289
236
321
114
114
154
225
98
65
321
334
321
154
335
236
96
91
321
91
96
57
154
17
187
289
55
99
236
61
178
187
61
178
91
187
339
114
91
98
339
279
187
291
398
174
334
339
225
96
154
264
91
279
279
91
225
299
257
48
248
355
41
236
279
64
264
291
114
339
67
339
127
334
236
41
64
321
57
53
334
279
174
339
91
114
174
114
152
264
366
283
61
91
236
236
179
91
299
91
263
127
187
264
257
369
225
279
64
98
369
61
236
91
95
335
369
41
263
187
245
61
279
339
353
48
41
289
174
48
257
67
257
48
353
248
236
98
67
339
263
292
292
345
236
23
154
292
263
67
154
339
292
263
98
263
98
335
335
263
345
91
61
245
236
236
225
225
230
264
292
369
369
263
263
292
236
355
279
144
91
334
93
245
335
154
335
279
99
339
64
23
245
316
91
174
93
369
292
93
236
339
99
67
335
236
154
236
245
257
236
245
248
48
316
53
316
91
98
236
91
245
221
179
335
236
236
263
292
353
48
342
263
236
334
61
334
339
154
189
67
369
345
236
369
189
245
299
236
353
339
263
91
292
98
292
369
299
335
45
369
163
257
236
335
47
236
263
91
41
292
334
48
292
369
45
369
257
325
144
335
316
154
45
144
91
402
154
230
325
334
334
41
34
45
45
67
91
189
325
402
236
402
41
325
236
369
334
335
91
98
41
45
236
236
292
263
221
221
96
45
283
34
292
334
154
241
369
369
264
241
325
325
236
236
330
325
330
163
236
402
325
402
236
335
206
326
236
264
263
345
345
334
309
381
369
325
245
206
41
236
41
245
206
381
360
253
381
325
326
230
236
253
236
334
299
264
236
236
253
381
41
48
369
325
369
264
154
253
263
236
98
381
236
381
334
345
335
98
264
326
335
98
334
325
325
369
369
334
330
91
266
236
264
253
236
98
206
316
266
236
41
263
230
263
41
194
53
263
48
41
335
367
381
325
263
383
230
383
230
243
205
330
194
205
91
381
335
48
367
253
381
402
326
205
402
91
270
402
160
253
367
312
41
189
48
381
381
206
263
367
205
394
160
206
381
205
330
367
402
367
330
369
230
253
335
253
91
381
312
96
325
381
381
335
368
326
91
369
41
335
326
367
253
98
405
381
189
383
402
367
402
368
326
205
304
326
381
368
325
326
221
253
326
326
91
369
326
369
184
325
367
367
263
160
221
326
326
205
91
381
394
326
367
325
367
230
402
367
206
367
381
335
335
367
48
368
263
366
96
206
369
367
326
99
402
381
381
264
325
369
264
381
402
367
367
326
383
383
381
205
367
263
91
335
381
205
368
13
206
335
112
48
368
221
205
112
402
367
381
316
316
316
325
367
367
264
402
264
48
367
250
381
250
91
41
189
263
51
51
366
335
316
266
253
91
398
289
394
367
99
283
383
381
325
91
48
205
230
250
367
205
367
367
330
367
402
160
335
263
381
132
99
381
402
205
124
303
369
303
330
303
263
51
367
367
253
263
215
48
215
280
369
369
132
303
316
266
206
250
330
367
99
367
367
99
51
316
367
36
325
369
383
342
271
271
325
303
250
250
250
367
309
266
367
263
270
205
206
367
289
250
278
284
271
270
380
263
369
284
230
289
335
402
270
250
289
289
271
325
278
289
278
325
266
289
367
48
69
205
309
367
325
394
266
266
284
325
335
394
367
342
23
325
271
51
250
369
367
367
323
367
99
394
323
380
369
289
402
284
316
309
51
284
278
48
367
250
205
367
309
289
330
369
23
284
250
335
304
99
323
136
394
402
367
402
284
335
394
271
284
335
367
367
250
309
250
367
309
278
367
383
325
369
367
367
367
369
205
160
367
335
380
312
278
205
316
380
367
250
250
367
289
103
205
330
380
323
367
278
69
289
367
263
250
309
369
366
284
325
367
284
250
48
266
250
132
284
250
367
207
369
270
367
266
284
250
284
263
284
284
284
136
309
325
207
367
250
325
335
284
404
289
335
325
236
271
289
266
266
263
303
335
394
99
367
367
284
250
263
27
309
309
394
325
304
367
369
367
367
27
266
278
51
266
207
303
263
250
250
266
250
404
367
335
263
125
250
125
367
266
367
236
367
367
335
250
325
309
198
369
207
125
367
309
198
397
263
369
157
250
157
188
157
404
284
284
303
402
394
250
367
207
394
344
250
367
250
74
380
125
367
367
198
402
284
367
367
198
346
380
99
69
284
369
367
123
284
335
303
397
372
304
404
284
380
215
402
207
380
372
335
266
303
188
371
219
397
369
404
372
277
316
372
219
266
335
397
394
266
380
372
188
250
303
371
372
335
277
394
380
277
277
372
250
44
402
250
404
316
369
284
219
316
380
198
371
371
219
372
380
372
372
372
372
250
219
219
372
250
372
316
380
369
149
219
149
316
219
266
402
215
335
250
372
369
303
26
266
203
402
380
304
402
402
303
372
198
69
372
149
26
248
149
372
203
372
99
303
371
266
372
215
380
248
203
372
335
266
380
150
372
203
402
402
44
69
372
372
372
266
371
99
99
372
391
402
303
215
99
380
248
250
215
125
391
372
99
250
402
372
394
203
219
391
149
125
250
372
250
248
372
248
219
106
149
371
335
391
372
248
125
198
149
125
99
372
203
198
335
219
99
266
149
372
372
372
219
277
188
380
316
380
314
119
402
198
44
394
