185
762
144
151
759
756
766
160
71
342
350
681
599
504
108
390
768
67
258
502
259
727
577
591
187
16
189
492
384
213
5
381
110
743
485
577
403
168
709
236
686
487
412
342
261
682
62
628
585
204
376
192
412
251
148
634
14
679
646
524
570
301
200
234
117
344
603
123
387
148
192
706
687
140
439
318
593
79
761
709
739
379
110
295
496
361
482
429
296
147
497
479
622
310
606
289
176
299
145
393
600
257
437
383
462
462
299
486
28
63
380
381
757
93
596
752
114
402
770
662
32
132
198
694
578
198
504
540
213
75
4
633
246
216
148
111
569
601
734
661
698
576
610
85
369
139
611
28
666
715
463
444
222
306
155
144
16
53
523
56
716
539
82
705
707
181
702
585
487
335
174
500
582
442
369
409
150
119
150
517
612
471
404
370
702
491
733
7
401
758
362
306
479
450
368
261
451
528
450
116
312
246
435
669
725
365
381
487
558
79
49
193
407
261
52
207
396
561
245
409
383
765
209
678
410
528
56
462
159
7
125
604
732
346
773
386
81
184
695
50
598
437
225
73
729
237
544
60
112
138
591
531
182
635
412
482
32
178
414
223
391
510
412
604
251
644
318
493
537
181
52
506
706
748
391
409
722
184
679
570
457
40
100
339
600
293
550
505
414
489
741
85
213
259
701
602
524
585
659
709
179
518
665
599
632
615
737
704
40
416
100
496
155
199
29
25
13
375
370
614
640
321
369
607
590
725
11
52
586
512
500
125
214
285
66
97
84
237
722
174
626
533
90
221
377
352
604
18
612
694
759
506
292
125
102
283
445
673
714
53
430
152
350
312
251
198
527
279
600
152
147
510
617
198
631
242
213
11
321
735
145
119
625
245
485
360
71
503
360
573
370
550
362
23
482
410
62
388
709
177
119
472
746
312
139
368
56
437
759
444
526
462
479
154
512
417
453
730
579
476
474
708
246
296
25
475
84
346
269
87
417
475
311
514
52
434
191
119
467
47
209
604
385
11
471
593
264
314
70
409
404
330
385
660
726
102
469
11
506
709
110
696
294
653
760
619
107
615
386
492
288
458
26
357
100
153
332
583
353
101
424
479
330
409
162
503
679
486
414
712
201
26
129
162
730
484
62
493
448
515
387
184
47
110
179
433
752
747
486
248
739
510
590
433
385
457
138
4
216
707
239
359
239
492
242
524
691
614
261
136
267
248
401
513
739
177
79
191
54
181
733
451
379
2
437
409
107
118
54
179
410
315
524
471
551
433
482
622
629
673
100
410
740
80
16
211
144
340
152
150
508
484
165
703
551
521
453
586
424
569
374
707
85
569
290
251
618
295
31
362
40
684
241
561
674
525
548
510
453
412
368
378
721
137
192
759
184
763
374
509
374
410
506
351
763
589
107
287
325
605
535
660
211
2
346
497
69
530
771
113
374
152
73
378
159
244
246
409
556
136
192
127
507
196
136
519
402
213
709
542
165
497
30
192
66
211
100
260
711
211
399
196
213
756
158
497
312
600
724
451
56
95
548
243
611
505
757
437
399
633
165
430
515
158
100
179
706
519
669
23
390
669
680
447
502
210
154
205
383
669
136
150
629
409
409
66
168
79
462
23
535
75
172
58
360
496
193
604
515
704
756
360
497
193
447
80
556
428
260
274
679
193
47
699
568
275
88
604
120
409
606
66
75
399
231
357
702
77
518
589
246
78
545
149
772
433
113
251
651
637
56
571
688
735
507
717
266
622
442
701
23
405
453
747
719
410
355
691
201
339
173
31
525
499
398
681
75
154
759
251
218
476
374
223
56
18
556
150
686
15
617
211
752
681
679
405
539
524
739
288
523
512
518
99
768
690
763
347
765
569
730
710
248
76
599
453
21
154
340
190
476
320
368
691
50
387
717
631
511
674
409
211
79
79
527
386
118
120
331
330
642
26
102
379
99
331
210
186
717
651
621
249
507
642
589
771
604
380
284
434
631
119
462
249
688
717
88
380
287
66
497
730
412
519
348
73
49
191
2
179
536
282
40
116
637
430
511
113
139
451
710
336
730
756
330
483
771
136
131
40
150
513
508
538
34
197
111
35
710
348
663
756
756
184
717
246
458
711
717
60
283
483
605
662
126
433
412
328
111
685
605
441
184
222
184
669
108
772
121
121
591
340
248
223
150
374
49
422
768
116
720
198
302
605
66
663
624
197
368
63
154
38
210
221
436
88
405
148
488
447
691
75
434
604
717
427
772
218
703
571
562
136
685
623
184
771
389
281
664
288
669
450
412
231
445
451
213
740
115
95
571
647
455
684
582
622
724
210
685
192
652
246
375
327
516
26
222
213
685
464
154
652
471
612
88
669
328
247
88
170
246
357
29
545
40
650
13
542
44
121
222
698
66
11
763
150
147
377
476
524
121
690
681
62
754
325
249
282
650
598
681
150
463
293
374
180
213
130
556
476
600
128
9
497
78
63
754
427
704
150
150
355
108
698
463
524
278
66
383
408
6
328
236
408
308
558
223
246
446
16
680
756
604
63
168
698
663
127
622
733
324
173
139
463
92
23
648
325
193
223
228
383
9
113
213
524
516
722
170
51
453
414
771
108
136
246
113
157
380
510
99
293
2
430
744
416
357
15
698
419
622
30
502
553
40
623
419
283
604
558
357
93
2
556
109
179
294
652
747
248
590
228
470
720
464
368
480
54
281
748
324
95
752
334
40
647
730
720
568
288
771
325
218
730
111
753
650
513
758
124
66
480
765
691
674
614
324
398
121
730
66
507
681
123
614
497
614
13
377
717
609
553
446
324
765
274
652
121
324
562
444
292
663
95
570
471
66
740
228
545
191
483
429
717
349
248
332
553
115
173
754
670
34
362
756
609
691
607
756
193
430
18
613
429
404
357
691
604
594
201
693
376
157
744
612
607
533
66
355
740
223
623
265
681
150
258
100
368
288
454
258
164
44
193
84
186
249
648
573
441
698
681
54
291
473
604
252
447
193
712
266
228
252
681
455
524
594
591
698
291
198
165
455
674
84
54
712
62
631
115
663
691
565
191
54
483
165
328
691
337
729
349
265
355
558
54
517
223
116
429
66
382
740
165
2
374
380
516
357
453
10
249
722
533
611
266
338
524
623
30
729
691
252
130
35
499
2
252
86
433
62
633
173
632
54
564
9
710
66
516
115
84
582
613
62
139
698
734
512
404
722
113
121
404
404
677
604
520
429
38
100
717
204
389
655
217
357
252
350
9
130
629
86
69
193
752
252
433
747
691
427
609
677
293
72
47
683
516
252
594
2
752
30
691
453
84
99
129
565
213
9
129
100
332
278
377
390
121
252
120
349
334
476
99
349
664
516
505
173
150
130
705
72
553
717
47
497
35
362
98
511
519
450
545
362
454
480
151
515
499
763
178
765
35
604
348
453
486
611
447
201
612
594
691
533
429
604
112
266
661
265
730
324
614
632
765
388
132
221
232
624
388
756
185
30
548
604
516
23
95
545
191
526
366
225
691
604
424
217
451
178
196
648
287
100
555
625
84
221
625
320
737
252
670
516
614
433
252
677
338
328
10
677
629
693
472
594
516
388
213
625
294
439
740
454
232
555
204
130
26
377
362
713
185
201
713
611
113
100
61
77
217
368
602
484
294
502
115
701
555
115
84
139
754
282
334
193
198
334
30
664
136
295
604
616
35
287
325
740
173
505
72
61
86
111
382
681
91
533
113
529
604
292
433
204
165
533
625
281
325
705
648
444
555
12
673
457
15
18
740
52
38
148
178
546
563
193
325
416
348
767
124
623
730
516
155
195
382
558
366
164
454
497
221
116
193
433
129
228
139
186
632
505
674
505
325
388
115
249
321
538
84
701
730
366
759
179
368
740
249
349
398
30
252
648
86
730
2
374
121
164
504
267
252
470
153
34
129
321
497
505
153
558
465
565
132
132
254
550
453
225
637
249
252
159
509
139
612
254
555
116
362
377
740
153
366
709
252
670
422
121
670
130
77
616
717
429
553
13
382
282
294
254
266
2
121
137
254
504
416
294
347
249
185
103
249
145
458
710
23
681
701
377
30
391
770
232
325
153
676
72
757
377
334
26
758
2
338
165
252
632
293
153
148
594
398
555
173
546
486
681
334
424
195
12
422
287
391
249
107
3
730
63
13
524
598
681
598
388
465
225
632
451
670
565
167
524
103
748
524
254
561
293
581
173
730
116
375
407
288
131
294
321
558
252
730
563
30
520
121
173
512
121
476
737
740
18
15
139
681
748
179
433
334
757
407
376
40
388
159
623
91
407
72
292
607
130
499
591
554
632
152
681
677
546
139
332
62
748
100
72
317
480
195
662
376
529
317
632
519
365
591
759
740
382
293
116
332
457
168
424
291
113
55
398
684
472
756
623
225
391
61
365
405
91
398
131
72
497
396
132
711
167
573
375
375
486
72
600
28
591
601
451
502
291
737
116
266
589
670
524
757
152
632
103
22
546
159
366
66
132
281
377
172
61
497
13
295
72
198
505
717
389
601
179
663
728
486
293
139
493
281
73
579
66
684
740
550
375
297
107
670
140
499
465
140
522
601
18
730
266
73
63
519
30
529
505
173
632
166
239
293
502
632
561
153
433
297
493
632
36
389
291
107
601
121
756
756
600
75
497
579
63
72
558
64
166
424
701
396
166
173
252
730
166
4
713
39
764
157
259
193
480
317
589
522
701
770
454
607
693
690
252
75
491
758
388
172
173
538
52
166
678
294
730
201
407
272
433
524
429
53
54
64
61
505
158
110
173
512
30
377
561
252
139
632
334
294
317
523
433
621
172
317
565
166
499
110
272
141
524
61
152
565
73
90
186
22
300
509
116
561
705
64
259
756
558
608
374
717
564
18
377
744
758
374
662
375
72
411
338
338
121
377
152
740
73
467
374
713
249
69
523
69
13
249
288
249
389
152
424
505
407
376
491
158
396
454
15
166
523
100
591
166
538
561
717
193
225
300
701
272
565
467
261
167
523
712
30
382
139
116
382
143
15
600
520
338
69
591
638
491
113
422
72
502
546
499
139
52
396
611
624
139
338
218
22
152
546
512
300
166
411
214
376
186
68
66
272
598
638
757
663
758
64
113
73
433
73
157
411
480
159
663
338
40
173
491
153
69
100
113
737
166
375
717
348
369
396
559
293
390
433
62
173
740
740
599
445
186
740
166
505
178
186
173
152
523
72
711
713
512
173
116
62
705
538
505
155
252
713
369
433
538
12
166
502
348
95
502
22
370
370
100
40
116
396
558
241
166
713
732
107
219
52
663
116
116
166
756
73
479
390
166
713
374
64
239
454
564
178
300
153
68
116
186
62
241
68
631
607
546
424
717
621
158
447
565
72
631
100
729
468
374
621
677
377
249
272
153
732
173
173
241
487
249
166
433
502
468
100
457
538
252
193
451
152
711
512
377
468
152
317
178
447
546
152
757
292
252
72
631
192
90
377
166
218
22
377
173
186
756
73
159
589
72
680
158
370
711
638
122
69
416
599
2
625
734
153
445
114
334
73
158
192
159
502
638
424
152
447
51
607
354
369
375
267
689
631
52
411
756
564
241
479
90
72
377
192
389
411
283
18
411
152
484
73
375
377
389
100
73
565
172
153
468
72
30
186
54
292
367
642
18
598
485
451
275
158
410
2
69
546
705
503
607
68
503
680
502
701
608
476
214
241
455
249
581
69
662
72
48
64
72
73
457
321
712
73
756
22
173
52
252
153
693
439
321
598
64
591
114
369
558
598
376
410
502
72
346
439
272
566
249
186
503
135
284
487
411
2
321
455
98
320
317
105
712
267
705
275
607
72
107
637
689
249
608
18
445
22
503
621
631
252
241
502
173
287
334
173
153
422
64
22
522
705
172
502
158
390
15
119
272
173
410
193
119
346
260
410
90
396
546
342
193
653
235
107
175
422
195
653
107
161
718
173
422
143
620
98
527
293
320
546
625
300
64
546
72
27
346
520
607
400
293
386
30
566
374
354
178
522
71
90
64
321
2
416
6
768
342
198
503
105
376
346
522
529
52
433
386
64
502
433
275
346
73
173
522
225
734
260
122
119
546
166
161
317
293
132
499
538
502
452
410
9
420
723
422
293
105
64
433
529
756
293
767
139
214
132
132
139
132
621
558
54
2
135
321
153
52
153
433
445
451
291
468
756
358
166
293
452
252
520
445
218
317
503
538
376
2
145
680
572
173
275
95
376
272
82
73
54
502
178
272
135
723
293
390
153
502
757
54
410
239
225
22
105
607
22
166
166
487
82
445
756
756
69
66
139
198
272
608
346
101
711
502
502
503
105
173
291
669
756
377
105
178
137
446
606
621
572
275
377
90
73
139
522
122
756
275
73
146
218
761
756
98
284
375
451
377
400
281
144
346
132
757
272
756
446
16
122
166
66
707
283
52
167
413
734
413
293
414
755
137
416
222
522
267
572
272
503
756
132
400
330
756
445
572
503
638
522
291
22
467
492
69
558
90
283
166
701
16
293
532
272
384
135
2
714
275
173
231
549
27
710
414
743
447
377
574
452
173
367
756
414
73
178
231
572
447
520
756
210
181
30
413
607
69
77
181
166
447
2
135
101
119
689
293
95
73
521
22
410
327
756
150
377
107
119
704
54
572
704
710
107
416
410
90
549
732
414
16
90
144
293
503
668
166
119
607
144
272
572
119
16
231
44
66
345
150
414
723
98
344
283
558
451
150
144
283
30
173
413
144
16
751
767
222
410
732
562
181
150
45
707
109
343
707
73
487
98
414
109
95
18
743
620
562
210
153
734
218
16
2
346
98
413
173
222
173
377
549
205
562
723
26
153
283
122
668
320
107
233
367
30
172
173
16
608
377
252
346
205
346
291
2
214
768
451
317
607
69
638
317
164
107
572
621
437
330
638
374
558
298
122
447
707
533
218
689
150
110
233
413
210
377
73
164
317
707
353
95
110
26
552
638
533
298
295
377
317
18
526
132
529
729
607
132
549
107
214
66
552
166
224
95
414
414
451
550
122
30
503
377
155
772
98
413
561
320
743
546
552
320
27
552
153
132
410
291
2
24
164
252
558
66
552
768
710
298
711
413
729
552
172
593
375
597
711
132
410
558
164
22
343
164
413
110
252
546
252
291
205
546
546
248
150
550
27
24
561
229
143
704
707
607
205
2
173
24
153
719
529
337
607
233
242
330
233
345
172
410
743
34
16
638
414
464
353
710
662
110
368
153
729
205
710
377
132
153
637
413
205
341
272
22
16
233
207
205
267
414
320
178
685
759
546
668
283
321
464
233
153
487
207
367
503
464
501
143
27
761
69
529
680
198
320
224
761
283
707
320
150
688
520
24
414
178
368
27
520
685
353
153
27
705
214
552
22
558
464
231
30
503
711
295
464
181
16
754
379
18
252
173
410
153
353
16
186
503
410
607
529
707
589
122
685
73
73
410
27
353
410
157
54
549
464
321
95
743
78
549
503
205
119
343
533
528
410
233
561
30
353
610
353
685
66
341
122
110
754
503
638
69
607
205
330
353
205
283
546
503
150
153
464
337
414
552
610
143
214
283
144
143
173
27
346
558
549
248
69
54
143
110
98
343
107
549
549
500
524
729
343
374
704
144
761
410
27
143
242
638
410
164
144
233
500
377
552
330
16
343
353
754
144
546
353
772
132
689
685
181
337
173
119
283
410
66
468
414
668
164
122
132
524
468
707
552
552
704
414
410
16
144
413
69
558
337
18
132
66
594
95
729
132
284
528
205
88
546
291
295
272
479
164
205
155
414
546
607
549
413
132
122
16
278
69
88
353
552
22
109
119
164
295
95
183
109
233
414
150
98
173
205
224
464
330
132
337
283
416
330
520
685
468
153
205
685
416
552
346
528
380
754
233
380
132
528
380
283
343
221
685
150
229
252
503
143
242
368
173
528
668
88
69
88
54
416
705
183
374
687
503
16
552
754
122
668
410
122
549
150
149
435
576
95
272
380
283
552
95
576
533
27
503
69
707
233
377
754
291
761
150
27
552
503
410
503
619
528
503
528
16
546
233
150
353
410
221
528
108
528
149
533
767
377
562
109
755
401
552
601
233
772
144
627
16
221
66
503
528
665
322
410
616
109
315
598
34
410
173
149
616
761
16
685
231
172
144
637
410
337
407
322
179
707
533
707
401
150
435
150
377
503
179
503
562
315
729
109
754
231
144
346
435
685
635
95
754
66
586
337
231
322
772
54
380
119
22
673
616
616
278
231
464
627
315
689
110
586
585
69
233
315
616
754
585
601
272
185
109
90
410
315
346
224
27
503
30
155
503
435
327
95
533
30
122
500
755
729
410
549
528
150
34
95
549
69
685
410
685
464
150
367
86
110
454
16
500
45
22
192
627
43
122
689
754
119
18
635
601
765
233
150
122
231
231
231
400
601
654
143
233
346
64
503
233
251
221
729
122
86
761
221
677
69
410
307
231
164
119
352
598
95
729
503
314
729
410
291
322
272
322
685
109
35
377
224
581
401
242
337
410
410
346
601
346
542
144
435
454
759
172
687
447
157
410
410
346
190
435
315
687
321
509
692
447
307
528
586
315
668
69
144
70
221
43
493
109
35
692
377
95
524
69
314
707
765
493
145
144
22
322
190
352
284
692
377
586
481
410
435
70
729
314
435
69
315
668
627
549
368
765
315
533
190
34
408
34
69
481
122
119
747
729
307
586
343
22
86
410
346
598
337
221
586
346
447
231
214
627
43
16
357
478
493
144
291
43
315
291
88
685
27
122
346
595
685
291
650
554
221
528
345
687
549
668
122
264
509
231
27
221
480
528
585
22
447
533
229
410
528
304
272
278
110
315
480
519
447
509
408
585
221
143
601
408
198
447
119
729
528
43
173
689
314
673
650
528
685
27
480
488
352
585
528
95
772
528
16
509
410
321
88
173
707
685
94
524
755
100
627
729
242
66
22
69
377
284
27
542
90
636
346
330
248
636
20
213
315
221
83
69
122
173
692
636
16
278
171
